{"C:\\Users\\SpeedyNet IT\\Desktop\\IIUC MentorBridge v2\\backend\\src\\app.js": {"path":"C:\\Users\\SpeedyNet IT\\Desktop\\IIUC MentorBridge v2\\backend\\src\\app.js","statementMap":{"0":{"start":{"line":1,"column":16},"end":{"line":1,"column":34}},"1":{"start":{"line":2,"column":13},"end":{"line":2,"column":28}},"2":{"start":{"line":3,"column":15},"end":{"line":3,"column":32}},"3":{"start":{"line":5,"column":19},"end":{"line":5,"column":49}},"4":{"start":{"line":6,"column":19},"end":{"line":6,"column":49}},"5":{"start":{"line":7,"column":25},"end":{"line":7,"column":61}},"6":{"start":{"line":8,"column":19},"end":{"line":8,"column":49}},"7":{"start":{"line":9,"column":19},"end":{"line":9,"column":49}},"8":{"start":{"line":10,"column":27},"end":{"line":10,"column":65}},"9":{"start":{"line":11,"column":22},"end":{"line":11,"column":55}},"10":{"start":{"line":12,"column":23},"end":{"line":12,"column":57}},"11":{"start":{"line":13,"column":21},"end":{"line":13,"column":53}},"12":{"start":{"line":14,"column":20},"end":{"line":14,"column":51}},"13":{"start":{"line":15,"column":19},"end":{"line":15,"column":49}},"14":{"start":{"line":18,"column":12},"end":{"line":18,"column":21}},"15":{"start":{"line":20,"column":0},"end":{"line":20,"column":93}},"16":{"start":{"line":21,"column":0},"end":{"line":21,"column":41}},"17":{"start":{"line":22,"column":0},"end":{"line":22,"column":63}},"18":{"start":{"line":23,"column":0},"end":{"line":23,"column":23}},"19":{"start":{"line":25,"column":0},"end":{"line":25,"column":33}},"20":{"start":{"line":26,"column":0},"end":{"line":26,"column":34}},"21":{"start":{"line":27,"column":0},"end":{"line":27,"column":46}},"22":{"start":{"line":28,"column":0},"end":{"line":28,"column":34}},"23":{"start":{"line":29,"column":0},"end":{"line":29,"column":33}},"24":{"start":{"line":30,"column":0},"end":{"line":30,"column":50}},"25":{"start":{"line":31,"column":0},"end":{"line":31,"column":40}},"26":{"start":{"line":32,"column":0},"end":{"line":32,"column":42}},"27":{"start":{"line":33,"column":0},"end":{"line":33,"column":37}},"28":{"start":{"line":34,"column":0},"end":{"line":34,"column":35}},"29":{"start":{"line":35,"column":0},"end":{"line":35,"column":33}},"30":{"start":{"line":38,"column":0},"end":{"line":40,"column":3}},"31":{"start":{"line":39,"column":2},"end":{"line":39,"column":56}},"32":{"start":{"line":42,"column":0},"end":{"line":55,"column":3}},"33":{"start":{"line":43,"column":2},"end":{"line":54,"column":3}},"34":{"start":{"line":45,"column":17},"end":{"line":50,"column":5}},"35":{"start":{"line":51,"column":4},"end":{"line":51,"column":19}},"36":{"start":{"line":53,"column":4},"end":{"line":53,"column":62}},"37":{"start":{"line":57,"column":0},"end":{"line":57,"column":21}}},"fnMap":{"0":{"name":"(anonymous_0)","decl":{"start":{"line":38,"column":13},"end":{"line":38,"column":14}},"loc":{"start":{"line":38,"column":27},"end":{"line":40,"column":1}},"line":38},"1":{"name":"(anonymous_1)","decl":{"start":{"line":42,"column":26},"end":{"line":42,"column":27}},"loc":{"start":{"line":42,"column":46},"end":{"line":55,"column":1}},"line":42}},"branchMap":{},"s":{"0":5,"1":5,"2":5,"3":5,"4":5,"5":5,"6":5,"7":5,"8":5,"9":5,"10":5,"11":5,"12":5,"13":5,"14":5,"15":5,"16":5,"17":5,"18":5,"19":5,"20":5,"21":5,"22":5,"23":5,"24":5,"25":5,"26":5,"27":5,"28":5,"29":5,"30":5,"31":0,"32":5,"33":0,"34":0,"35":0,"36":0,"37":5},"f":{"0":0,"1":0},"b":{},"_coverageSchema":"1a1c01bbd47fc00a2c39e90264f33305004495a9","hash":"67130b037fbed0a21bedf340bc2b10ddeb3fbc35"}
,"C:\\Users\\SpeedyNet IT\\Desktop\\IIUC MentorBridge v2\\backend\\src\\prismaClient.js": {"path":"C:\\Users\\SpeedyNet IT\\Desktop\\IIUC MentorBridge v2\\backend\\src\\prismaClient.js","statementMap":{"0":{"start":{"line":1,"column":25},"end":{"line":1,"column":50}},"1":{"start":{"line":3,"column":15},"end":{"line":9,"column":2}},"2":{"start":{"line":11,"column":0},"end":{"line":11,"column":24}}},"fnMap":{},"branchMap":{},"s":{"0":5,"1":5,"2":5},"f":{},"b":{},"_coverageSchema":"1a1c01bbd47fc00a2c39e90264f33305004495a9","hash":"9fb9b2c15be6f9cece27d2c68b065d0561917982"}
,"C:\\Users\\SpeedyNet IT\\Desktop\\IIUC MentorBridge v2\\backend\\src\\controllers\\authController.js": {"path":"C:\\Users\\SpeedyNet IT\\Desktop\\IIUC MentorBridge v2\\backend\\src\\controllers\\authController.js","statementMap":{"0":{"start":{"line":1,"column":15},"end":{"line":1,"column":34}},"1":{"start":{"line":2,"column":12},"end":{"line":2,"column":35}},"2":{"start":{"line":3,"column":15},"end":{"line":3,"column":41}},"3":{"start":{"line":5,"column":19},"end":{"line":5,"column":23}},"4":{"start":{"line":6,"column":0},"end":{"line":9,"column":14}},"5":{"start":{"line":7,"column":27},"end":{"line":7,"column":57}},"6":{"start":{"line":8,"column":2},"end":{"line":8,"column":64}},"7":{"start":{"line":12,"column":18},"end":{"line":12,"column":22}},"8":{"start":{"line":13,"column":0},"end":{"line":38,"column":1}},"9":{"start":{"line":14,"column":21},"end":{"line":14,"column":42}},"10":{"start":{"line":15,"column":2},"end":{"line":35,"column":3}},"11":{"start":{"line":21,"column":4},"end":{"line":24,"column":7}},"12":{"start":{"line":25,"column":4},"end":{"line":32,"column":7}},"13":{"start":{"line":26,"column":6},"end":{"line":31,"column":7}},"14":{"start":{"line":27,"column":8},"end":{"line":27,"column":59}},"15":{"start":{"line":28,"column":8},"end":{"line":28,"column":27}},"16":{"start":{"line":30,"column":8},"end":{"line":30,"column":70}},"17":{"start":{"line":34,"column":4},"end":{"line":34,"column":74}},"18":{"start":{"line":37,"column":2},"end":{"line":37,"column":49}},"19":{"start":{"line":40,"column":20},"end":{"line":41,"column":56}},"20":{"start":{"line":41,"column":2},"end":{"line":41,"column":56}},"21":{"start":{"line":43,"column":21},"end":{"line":91,"column":1}},"22":{"start":{"line":44,"column":2},"end":{"line":44,"column":60}},"23":{"start":{"line":44,"column":20},"end":{"line":44,"column":60}},"24":{"start":{"line":46,"column":4},"end":{"line":48,"column":52}},"25":{"start":{"line":49,"column":15},"end":{"line":84,"column":3}},"26":{"start":{"line":85,"column":2},"end":{"line":90,"column":5}},"27":{"start":{"line":96,"column":17},"end":{"line":194,"column":1}},"28":{"start":{"line":97,"column":2},"end":{"line":193,"column":3}},"29":{"start":{"line":101,"column":8},"end":{"line":101,"column":16}},"30":{"start":{"line":103,"column":4},"end":{"line":105,"column":5}},"31":{"start":{"line":104,"column":6},"end":{"line":104,"column":88}},"32":{"start":{"line":106,"column":4},"end":{"line":108,"column":5}},"33":{"start":{"line":107,"column":6},"end":{"line":107,"column":89}},"34":{"start":{"line":109,"column":4},"end":{"line":111,"column":5}},"35":{"start":{"line":110,"column":6},"end":{"line":110,"column":78}},"36":{"start":{"line":114,"column":25},"end":{"line":114,"column":75}},"37":{"start":{"line":115,"column":4},"end":{"line":119,"column":5}},"38":{"start":{"line":116,"column":6},"end":{"line":118,"column":9}},"39":{"start":{"line":122,"column":4},"end":{"line":129,"column":5}},"40":{"start":{"line":123,"column":6},"end":{"line":128,"column":9}},"41":{"start":{"line":132,"column":25},"end":{"line":132,"column":56}},"42":{"start":{"line":133,"column":16},"end":{"line":133,"column":29}},"43":{"start":{"line":134,"column":22},"end":{"line":134,"column":59}},"44":{"start":{"line":137,"column":4},"end":{"line":169,"column":7}},"45":{"start":{"line":172,"column":4},"end":{"line":189,"column":5}},"46":{"start":{"line":173,"column":6},"end":{"line":173,"column":47}},"47":{"start":{"line":174,"column":6},"end":{"line":174,"column":44}},"48":{"start":{"line":175,"column":6},"end":{"line":179,"column":9}},"49":{"start":{"line":181,"column":6},"end":{"line":181,"column":57}},"50":{"start":{"line":183,"column":6},"end":{"line":183,"column":84}},"51":{"start":{"line":184,"column":6},"end":{"line":188,"column":9}},"52":{"start":{"line":191,"column":4},"end":{"line":191,"column":52}},"53":{"start":{"line":192,"column":4},"end":{"line":192,"column":76}},"54":{"start":{"line":199,"column":20},"end":{"line":280,"column":1}},"55":{"start":{"line":200,"column":2},"end":{"line":279,"column":3}},"56":{"start":{"line":201,"column":27},"end":{"line":201,"column":35}},"57":{"start":{"line":202,"column":4},"end":{"line":204,"column":5}},"58":{"start":{"line":203,"column":6},"end":{"line":203,"column":77}},"59":{"start":{"line":207,"column":20},"end":{"line":207,"column":85}},"60":{"start":{"line":209,"column":4},"end":{"line":221,"column":5}},"61":{"start":{"line":211,"column":23},"end":{"line":211,"column":73}},"62":{"start":{"line":212,"column":6},"end":{"line":217,"column":7}},"63":{"start":{"line":213,"column":8},"end":{"line":216,"column":11}},"64":{"start":{"line":218,"column":6},"end":{"line":220,"column":9}},"65":{"start":{"line":224,"column":4},"end":{"line":226,"column":5}},"66":{"start":{"line":225,"column":6},"end":{"line":225,"column":91}},"67":{"start":{"line":229,"column":4},"end":{"line":234,"column":5}},"68":{"start":{"line":230,"column":6},"end":{"line":233,"column":9}},"69":{"start":{"line":237,"column":20},"end":{"line":252,"column":6}},"70":{"start":{"line":255,"column":4},"end":{"line":255,"column":66}},"71":{"start":{"line":257,"column":18},"end":{"line":259,"column":6}},"72":{"start":{"line":261,"column":4},"end":{"line":261,"column":61}},"73":{"start":{"line":263,"column":4},"end":{"line":275,"column":7}},"74":{"start":{"line":277,"column":4},"end":{"line":277,"column":50}},"75":{"start":{"line":278,"column":4},"end":{"line":278,"column":76}},"76":{"start":{"line":285,"column":14},"end":{"line":343,"column":1}},"77":{"start":{"line":286,"column":2},"end":{"line":342,"column":3}},"78":{"start":{"line":287,"column":32},"end":{"line":287,"column":40}},"79":{"start":{"line":288,"column":4},"end":{"line":290,"column":5}},"80":{"start":{"line":289,"column":6},"end":{"line":289,"column":82}},"81":{"start":{"line":292,"column":17},"end":{"line":292,"column":67}},"82":{"start":{"line":293,"column":4},"end":{"line":304,"column":5}},"83":{"start":{"line":295,"column":22},"end":{"line":295,"column":87}},"84":{"start":{"line":296,"column":6},"end":{"line":302,"column":7}},"85":{"start":{"line":297,"column":8},"end":{"line":301,"column":11}},"86":{"start":{"line":303,"column":6},"end":{"line":303,"column":76}},"87":{"start":{"line":306,"column":4},"end":{"line":310,"column":5}},"88":{"start":{"line":307,"column":6},"end":{"line":309,"column":9}},"89":{"start":{"line":312,"column":4},"end":{"line":314,"column":5}},"90":{"start":{"line":313,"column":6},"end":{"line":313,"column":76}},"91":{"start":{"line":316,"column":20},"end":{"line":316,"column":65}},"92":{"start":{"line":317,"column":4},"end":{"line":319,"column":5}},"93":{"start":{"line":318,"column":6},"end":{"line":318,"column":76}},"94":{"start":{"line":322,"column":18},"end":{"line":324,"column":6}},"95":{"start":{"line":326,"column":4},"end":{"line":338,"column":7}},"96":{"start":{"line":340,"column":4},"end":{"line":340,"column":49}},"97":{"start":{"line":341,"column":4},"end":{"line":341,"column":76}},"98":{"start":{"line":348,"column":20},"end":{"line":402,"column":1}},"99":{"start":{"line":349,"column":2},"end":{"line":401,"column":3}},"100":{"start":{"line":350,"column":4},"end":{"line":352,"column":5}},"101":{"start":{"line":351,"column":6},"end":{"line":351,"column":78}},"102":{"start":{"line":353,"column":27},"end":{"line":353,"column":35}},"103":{"start":{"line":354,"column":4},"end":{"line":354,"column":92}},"104":{"start":{"line":354,"column":21},"end":{"line":354,"column":92}},"105":{"start":{"line":356,"column":19},"end":{"line":359,"column":6}},"106":{"start":{"line":360,"column":52},"end":{"line":360,"column":71}},"107":{"start":{"line":363,"column":15},"end":{"line":363,"column":65}},"108":{"start":{"line":365,"column":4},"end":{"line":384,"column":5}},"109":{"start":{"line":367,"column":6},"end":{"line":372,"column":7}},"110":{"start":{"line":368,"column":8},"end":{"line":371,"column":11}},"111":{"start":{"line":373,"column":20},"end":{"line":373,"column":94}},"112":{"start":{"line":374,"column":6},"end":{"line":383,"column":9}},"113":{"start":{"line":388,"column":4},"end":{"line":397,"column":7}},"114":{"start":{"line":399,"column":4},"end":{"line":399,"column":56}},"115":{"start":{"line":400,"column":4},"end":{"line":400,"column":83}},"116":{"start":{"line":407,"column":23},"end":{"line":439,"column":1}},"117":{"start":{"line":408,"column":2},"end":{"line":438,"column":3}},"118":{"start":{"line":409,"column":22},"end":{"line":409,"column":30}},"119":{"start":{"line":410,"column":4},"end":{"line":410,"column":75}},"120":{"start":{"line":410,"column":16},"end":{"line":410,"column":75}},"121":{"start":{"line":412,"column":17},"end":{"line":412,"column":67}},"122":{"start":{"line":413,"column":4},"end":{"line":413,"column":92}},"123":{"start":{"line":413,"column":15},"end":{"line":413,"column":92}},"124":{"start":{"line":415,"column":4},"end":{"line":419,"column":5}},"125":{"start":{"line":416,"column":6},"end":{"line":418,"column":9}},"126":{"start":{"line":421,"column":16},"end":{"line":421,"column":29}},"127":{"start":{"line":422,"column":19},"end":{"line":422,"column":56}},"128":{"start":{"line":423,"column":4},"end":{"line":426,"column":7}},"129":{"start":{"line":428,"column":4},"end":{"line":434,"column":5}},"130":{"start":{"line":429,"column":6},"end":{"line":429,"column":46}},"131":{"start":{"line":430,"column":6},"end":{"line":430,"column":61}},"132":{"start":{"line":432,"column":6},"end":{"line":432,"column":71}},"133":{"start":{"line":433,"column":6},"end":{"line":433,"column":89}},"134":{"start":{"line":436,"column":4},"end":{"line":436,"column":59}},"135":{"start":{"line":437,"column":4},"end":{"line":437,"column":76}},"136":{"start":{"line":444,"column":23},"end":{"line":459,"column":1}},"137":{"start":{"line":445,"column":2},"end":{"line":458,"column":3}},"138":{"start":{"line":446,"column":27},"end":{"line":446,"column":35}},"139":{"start":{"line":447,"column":17},"end":{"line":447,"column":67}},"140":{"start":{"line":448,"column":4},"end":{"line":448,"column":74}},"141":{"start":{"line":448,"column":15},"end":{"line":448,"column":74}},"142":{"start":{"line":449,"column":4},"end":{"line":451,"column":5}},"143":{"start":{"line":450,"column":6},"end":{"line":450,"column":62}},"144":{"start":{"line":452,"column":4},"end":{"line":454,"column":5}},"145":{"start":{"line":453,"column":6},"end":{"line":453,"column":89}},"146":{"start":{"line":455,"column":4},"end":{"line":455,"column":49}},"147":{"start":{"line":457,"column":4},"end":{"line":457,"column":76}},"148":{"start":{"line":464,"column":22},"end":{"line":487,"column":1}},"149":{"start":{"line":465,"column":2},"end":{"line":486,"column":3}},"150":{"start":{"line":466,"column":40},"end":{"line":466,"column":48}},"151":{"start":{"line":467,"column":4},"end":{"line":469,"column":5}},"152":{"start":{"line":468,"column":6},"end":{"line":468,"column":89}},"153":{"start":{"line":470,"column":17},"end":{"line":470,"column":67}},"154":{"start":{"line":471,"column":4},"end":{"line":471,"column":74}},"155":{"start":{"line":471,"column":15},"end":{"line":471,"column":74}},"156":{"start":{"line":472,"column":4},"end":{"line":474,"column":5}},"157":{"start":{"line":473,"column":6},"end":{"line":473,"column":62}},"158":{"start":{"line":475,"column":4},"end":{"line":477,"column":5}},"159":{"start":{"line":476,"column":6},"end":{"line":476,"column":62}},"160":{"start":{"line":478,"column":27},"end":{"line":478,"column":61}},"161":{"start":{"line":479,"column":4},"end":{"line":482,"column":7}},"162":{"start":{"line":483,"column":4},"end":{"line":483,"column":57}},"163":{"start":{"line":485,"column":4},"end":{"line":485,"column":76}},"164":{"start":{"line":489,"column":0},"end":{"line":492,"column":2}}},"fnMap":{"0":{"name":"(anonymous_0)","decl":{"start":{"line":25,"column":23},"end":{"line":25,"column":24}},"loc":{"start":{"line":25,"column":32},"end":{"line":32,"column":5}},"line":25},"1":{"name":"(anonymous_1)","decl":{"start":{"line":40,"column":20},"end":{"line":40,"column":21}},"loc":{"start":{"line":41,"column":2},"end":{"line":41,"column":56}},"line":41},"2":{"name":"(anonymous_2)","decl":{"start":{"line":43,"column":21},"end":{"line":43,"column":22}},"loc":{"start":{"line":43,"column":60},"end":{"line":91,"column":1}},"line":43},"3":{"name":"(anonymous_3)","decl":{"start":{"line":96,"column":17},"end":{"line":96,"column":18}},"loc":{"start":{"line":96,"column":37},"end":{"line":194,"column":1}},"line":96},"4":{"name":"(anonymous_4)","decl":{"start":{"line":183,"column":74},"end":{"line":183,"column":75}},"loc":{"start":{"line":183,"column":80},"end":{"line":183,"column":82}},"line":183},"5":{"name":"(anonymous_5)","decl":{"start":{"line":199,"column":20},"end":{"line":199,"column":21}},"loc":{"start":{"line":199,"column":40},"end":{"line":280,"column":1}},"line":199},"6":{"name":"(anonymous_6)","decl":{"start":{"line":285,"column":14},"end":{"line":285,"column":15}},"loc":{"start":{"line":285,"column":34},"end":{"line":343,"column":1}},"line":285},"7":{"name":"(anonymous_7)","decl":{"start":{"line":348,"column":20},"end":{"line":348,"column":21}},"loc":{"start":{"line":348,"column":40},"end":{"line":402,"column":1}},"line":348},"8":{"name":"(anonymous_8)","decl":{"start":{"line":407,"column":23},"end":{"line":407,"column":24}},"loc":{"start":{"line":407,"column":43},"end":{"line":439,"column":1}},"line":407},"9":{"name":"(anonymous_9)","decl":{"start":{"line":444,"column":23},"end":{"line":444,"column":24}},"loc":{"start":{"line":444,"column":43},"end":{"line":459,"column":1}},"line":444},"10":{"name":"(anonymous_10)","decl":{"start":{"line":464,"column":22},"end":{"line":464,"column":23}},"loc":{"start":{"line":464,"column":42},"end":{"line":487,"column":1}},"line":464}},"branchMap":{"0":{"loc":{"start":{"line":15,"column":2},"end":{"line":35,"column":3}},"type":"if","locations":[{"start":{"line":15,"column":2},"end":{"line":35,"column":3}},{"start":{"line":33,"column":9},"end":{"line":35,"column":3}}],"line":15},"1":{"loc":{"start":{"line":16,"column":4},"end":{"line":19,"column":54}},"type":"binary-expr","locations":[{"start":{"line":16,"column":4},"end":{"line":16,"column":26}},{"start":{"line":17,"column":4},"end":{"line":17,"column":26}},{"start":{"line":18,"column":4},"end":{"line":18,"column":40}},{"start":{"line":19,"column":4},"end":{"line":19,"column":54}}],"line":16},"2":{"loc":{"start":{"line":26,"column":6},"end":{"line":31,"column":7}},"type":"if","locations":[{"start":{"line":26,"column":6},"end":{"line":31,"column":7}},{"start":{"line":29,"column":13},"end":{"line":31,"column":7}}],"line":26},"3":{"loc":{"start":{"line":43,"column":40},"end":{"line":43,"column":55}},"type":"default-arg","locations":[{"start":{"line":43,"column":47},"end":{"line":43,"column":55}}],"line":43},"4":{"loc":{"start":{"line":44,"column":2},"end":{"line":44,"column":60}},"type":"if","locations":[{"start":{"line":44,"column":2},"end":{"line":44,"column":60}},{"start":{},"end":{}}],"line":44},"5":{"loc":{"start":{"line":46,"column":4},"end":{"line":48,"column":52}},"type":"cond-expr","locations":[{"start":{"line":47,"column":8},"end":{"line":47,"column":50}},{"start":{"line":48,"column":8},"end":{"line":48,"column":52}}],"line":46},"6":{"loc":{"start":{"line":58,"column":10},"end":{"line":58,"column":81}},"type":"cond-expr","locations":[{"start":{"line":58,"column":30},"end":{"line":58,"column":57}},{"start":{"line":58,"column":60},"end":{"line":58,"column":81}}],"line":58},"7":{"loc":{"start":{"line":62,"column":10},"end":{"line":64,"column":54}},"type":"cond-expr","locations":[{"start":{"line":63,"column":14},"end":{"line":63,"column":89}},{"start":{"line":64,"column":14},"end":{"line":64,"column":54}}],"line":62},"8":{"loc":{"start":{"line":103,"column":4},"end":{"line":105,"column":5}},"type":"if","locations":[{"start":{"line":103,"column":4},"end":{"line":105,"column":5}},{"start":{},"end":{}}],"line":103},"9":{"loc":{"start":{"line":103,"column":8},"end":{"line":103,"column":36}},"type":"binary-expr","locations":[{"start":{"line":103,"column":8},"end":{"line":103,"column":13}},{"start":{"line":103,"column":17},"end":{"line":103,"column":23}},{"start":{"line":103,"column":27},"end":{"line":103,"column":36}}],"line":103},"10":{"loc":{"start":{"line":106,"column":4},"end":{"line":108,"column":5}},"type":"if","locations":[{"start":{"line":106,"column":4},"end":{"line":108,"column":5}},{"start":{},"end":{}}],"line":106},"11":{"loc":{"start":{"line":109,"column":4},"end":{"line":111,"column":5}},"type":"if","locations":[{"start":{"line":109,"column":4},"end":{"line":111,"column":5}},{"start":{},"end":{}}],"line":109},"12":{"loc":{"start":{"line":115,"column":4},"end":{"line":119,"column":5}},"type":"if","locations":[{"start":{"line":115,"column":4},"end":{"line":119,"column":5}},{"start":{},"end":{}}],"line":115},"13":{"loc":{"start":{"line":122,"column":4},"end":{"line":129,"column":5}},"type":"if","locations":[{"start":{"line":122,"column":4},"end":{"line":129,"column":5}},{"start":{},"end":{}}],"line":122},"14":{"loc":{"start":{"line":142,"column":15},"end":{"line":142,"column":26}},"type":"binary-expr","locations":[{"start":{"line":142,"column":15},"end":{"line":142,"column":20}},{"start":{"line":142,"column":24},"end":{"line":142,"column":26}}],"line":142},"15":{"loc":{"start":{"line":143,"column":20},"end":{"line":143,"column":36}},"type":"binary-expr","locations":[{"start":{"line":143,"column":20},"end":{"line":143,"column":30}},{"start":{"line":143,"column":34},"end":{"line":143,"column":36}}],"line":143},"16":{"loc":{"start":{"line":144,"column":14},"end":{"line":144,"column":30}},"type":"binary-expr","locations":[{"start":{"line":144,"column":14},"end":{"line":144,"column":18}},{"start":{"line":144,"column":22},"end":{"line":144,"column":30}}],"line":144},"17":{"loc":{"start":{"line":145,"column":19},"end":{"line":145,"column":36}},"type":"binary-expr","locations":[{"start":{"line":145,"column":19},"end":{"line":145,"column":28}},{"start":{"line":145,"column":32},"end":{"line":145,"column":36}}],"line":145},"18":{"loc":{"start":{"line":146,"column":20},"end":{"line":146,"column":38}},"type":"binary-expr","locations":[{"start":{"line":146,"column":20},"end":{"line":146,"column":30}},{"start":{"line":146,"column":34},"end":{"line":146,"column":38}}],"line":146},"19":{"loc":{"start":{"line":147,"column":13},"end":{"line":147,"column":24}},"type":"binary-expr","locations":[{"start":{"line":147,"column":13},"end":{"line":147,"column":16}},{"start":{"line":147,"column":20},"end":{"line":147,"column":24}}],"line":147},"20":{"loc":{"start":{"line":148,"column":16},"end":{"line":148,"column":30}},"type":"binary-expr","locations":[{"start":{"line":148,"column":16},"end":{"line":148,"column":22}},{"start":{"line":148,"column":26},"end":{"line":148,"column":30}}],"line":148},"21":{"loc":{"start":{"line":149,"column":16},"end":{"line":149,"column":32}},"type":"binary-expr","locations":[{"start":{"line":149,"column":16},"end":{"line":149,"column":22}},{"start":{"line":149,"column":26},"end":{"line":149,"column":32}}],"line":149},"22":{"loc":{"start":{"line":158,"column":15},"end":{"line":158,"column":26}},"type":"binary-expr","locations":[{"start":{"line":158,"column":15},"end":{"line":158,"column":20}},{"start":{"line":158,"column":24},"end":{"line":158,"column":26}}],"line":158},"23":{"loc":{"start":{"line":159,"column":20},"end":{"line":159,"column":36}},"type":"binary-expr","locations":[{"start":{"line":159,"column":20},"end":{"line":159,"column":30}},{"start":{"line":159,"column":34},"end":{"line":159,"column":36}}],"line":159},"24":{"loc":{"start":{"line":160,"column":14},"end":{"line":160,"column":30}},"type":"binary-expr","locations":[{"start":{"line":160,"column":14},"end":{"line":160,"column":18}},{"start":{"line":160,"column":22},"end":{"line":160,"column":30}}],"line":160},"25":{"loc":{"start":{"line":161,"column":19},"end":{"line":161,"column":36}},"type":"binary-expr","locations":[{"start":{"line":161,"column":19},"end":{"line":161,"column":28}},{"start":{"line":161,"column":32},"end":{"line":161,"column":36}}],"line":161},"26":{"loc":{"start":{"line":162,"column":20},"end":{"line":162,"column":38}},"type":"binary-expr","locations":[{"start":{"line":162,"column":20},"end":{"line":162,"column":30}},{"start":{"line":162,"column":34},"end":{"line":162,"column":38}}],"line":162},"27":{"loc":{"start":{"line":163,"column":13},"end":{"line":163,"column":24}},"type":"binary-expr","locations":[{"start":{"line":163,"column":13},"end":{"line":163,"column":16}},{"start":{"line":163,"column":20},"end":{"line":163,"column":24}}],"line":163},"28":{"loc":{"start":{"line":164,"column":16},"end":{"line":164,"column":30}},"type":"binary-expr","locations":[{"start":{"line":164,"column":16},"end":{"line":164,"column":22}},{"start":{"line":164,"column":26},"end":{"line":164,"column":30}}],"line":164},"29":{"loc":{"start":{"line":165,"column":16},"end":{"line":165,"column":32}},"type":"binary-expr","locations":[{"start":{"line":165,"column":16},"end":{"line":165,"column":22}},{"start":{"line":165,"column":26},"end":{"line":165,"column":32}}],"line":165},"30":{"loc":{"start":{"line":202,"column":4},"end":{"line":204,"column":5}},"type":"if","locations":[{"start":{"line":202,"column":4},"end":{"line":204,"column":5}},{"start":{},"end":{}}],"line":202},"31":{"loc":{"start":{"line":202,"column":8},"end":{"line":202,"column":22}},"type":"binary-expr","locations":[{"start":{"line":202,"column":8},"end":{"line":202,"column":14}},{"start":{"line":202,"column":18},"end":{"line":202,"column":22}}],"line":202},"32":{"loc":{"start":{"line":209,"column":4},"end":{"line":221,"column":5}},"type":"if","locations":[{"start":{"line":209,"column":4},"end":{"line":221,"column":5}},{"start":{},"end":{}}],"line":209},"33":{"loc":{"start":{"line":212,"column":6},"end":{"line":217,"column":7}},"type":"if","locations":[{"start":{"line":212,"column":6},"end":{"line":217,"column":7}},{"start":{},"end":{}}],"line":212},"34":{"loc":{"start":{"line":224,"column":4},"end":{"line":226,"column":5}},"type":"if","locations":[{"start":{"line":224,"column":4},"end":{"line":226,"column":5}},{"start":{},"end":{}}],"line":224},"35":{"loc":{"start":{"line":229,"column":4},"end":{"line":234,"column":5}},"type":"if","locations":[{"start":{"line":229,"column":4},"end":{"line":234,"column":5}},{"start":{},"end":{}}],"line":229},"36":{"loc":{"start":{"line":271,"column":16},"end":{"line":271,"column":38}},"type":"binary-expr","locations":[{"start":{"line":271,"column":16},"end":{"line":271,"column":30}},{"start":{"line":271,"column":34},"end":{"line":271,"column":38}}],"line":271},"37":{"loc":{"start":{"line":288,"column":4},"end":{"line":290,"column":5}},"type":"if","locations":[{"start":{"line":288,"column":4},"end":{"line":290,"column":5}},{"start":{},"end":{}}],"line":288},"38":{"loc":{"start":{"line":288,"column":8},"end":{"line":288,"column":27}},"type":"binary-expr","locations":[{"start":{"line":288,"column":8},"end":{"line":288,"column":14}},{"start":{"line":288,"column":18},"end":{"line":288,"column":27}}],"line":288},"39":{"loc":{"start":{"line":293,"column":4},"end":{"line":304,"column":5}},"type":"if","locations":[{"start":{"line":293,"column":4},"end":{"line":304,"column":5}},{"start":{},"end":{}}],"line":293},"40":{"loc":{"start":{"line":296,"column":6},"end":{"line":302,"column":7}},"type":"if","locations":[{"start":{"line":296,"column":6},"end":{"line":302,"column":7}},{"start":{},"end":{}}],"line":296},"41":{"loc":{"start":{"line":306,"column":4},"end":{"line":310,"column":5}},"type":"if","locations":[{"start":{"line":306,"column":4},"end":{"line":310,"column":5}},{"start":{},"end":{}}],"line":306},"42":{"loc":{"start":{"line":306,"column":8},"end":{"line":306,"column":39}},"type":"binary-expr","locations":[{"start":{"line":306,"column":8},"end":{"line":306,"column":21}},{"start":{"line":306,"column":25},"end":{"line":306,"column":39}}],"line":306},"43":{"loc":{"start":{"line":312,"column":4},"end":{"line":314,"column":5}},"type":"if","locations":[{"start":{"line":312,"column":4},"end":{"line":314,"column":5}},{"start":{},"end":{}}],"line":312},"44":{"loc":{"start":{"line":317,"column":4},"end":{"line":319,"column":5}},"type":"if","locations":[{"start":{"line":317,"column":4},"end":{"line":319,"column":5}},{"start":{},"end":{}}],"line":317},"45":{"loc":{"start":{"line":334,"column":16},"end":{"line":334,"column":35}},"type":"binary-expr","locations":[{"start":{"line":334,"column":16},"end":{"line":334,"column":27}},{"start":{"line":334,"column":31},"end":{"line":334,"column":35}}],"line":334},"46":{"loc":{"start":{"line":350,"column":4},"end":{"line":352,"column":5}},"type":"if","locations":[{"start":{"line":350,"column":4},"end":{"line":352,"column":5}},{"start":{},"end":{}}],"line":350},"47":{"loc":{"start":{"line":354,"column":4},"end":{"line":354,"column":92}},"type":"if","locations":[{"start":{"line":354,"column":4},"end":{"line":354,"column":92}},{"start":{},"end":{}}],"line":354},"48":{"loc":{"start":{"line":365,"column":4},"end":{"line":384,"column":5}},"type":"if","locations":[{"start":{"line":365,"column":4},"end":{"line":384,"column":5}},{"start":{},"end":{}}],"line":365},"49":{"loc":{"start":{"line":367,"column":6},"end":{"line":372,"column":7}},"type":"if","locations":[{"start":{"line":367,"column":6},"end":{"line":372,"column":7}},{"start":{},"end":{}}],"line":367},"50":{"loc":{"start":{"line":370,"column":57},"end":{"line":370,"column":79}},"type":"binary-expr","locations":[{"start":{"line":370,"column":57},"end":{"line":370,"column":68}},{"start":{"line":370,"column":72},"end":{"line":370,"column":79}}],"line":370},"51":{"loc":{"start":{"line":379,"column":35},"end":{"line":379,"column":54}},"type":"binary-expr","locations":[{"start":{"line":379,"column":35},"end":{"line":379,"column":46}},{"start":{"line":379,"column":50},"end":{"line":379,"column":54}}],"line":379},"52":{"loc":{"start":{"line":410,"column":4},"end":{"line":410,"column":75}},"type":"if","locations":[{"start":{"line":410,"column":4},"end":{"line":410,"column":75}},{"start":{},"end":{}}],"line":410},"53":{"loc":{"start":{"line":413,"column":4},"end":{"line":413,"column":92}},"type":"if","locations":[{"start":{"line":413,"column":4},"end":{"line":413,"column":92}},{"start":{},"end":{}}],"line":413},"54":{"loc":{"start":{"line":415,"column":4},"end":{"line":419,"column":5}},"type":"if","locations":[{"start":{"line":415,"column":4},"end":{"line":419,"column":5}},{"start":{},"end":{}}],"line":415},"55":{"loc":{"start":{"line":448,"column":4},"end":{"line":448,"column":74}},"type":"if","locations":[{"start":{"line":448,"column":4},"end":{"line":448,"column":74}},{"start":{},"end":{}}],"line":448},"56":{"loc":{"start":{"line":449,"column":4},"end":{"line":451,"column":5}},"type":"if","locations":[{"start":{"line":449,"column":4},"end":{"line":451,"column":5}},{"start":{},"end":{}}],"line":449},"57":{"loc":{"start":{"line":449,"column":8},"end":{"line":449,"column":51}},"type":"binary-expr","locations":[{"start":{"line":449,"column":8},"end":{"line":449,"column":24}},{"start":{"line":449,"column":28},"end":{"line":449,"column":51}}],"line":449},"58":{"loc":{"start":{"line":452,"column":4},"end":{"line":454,"column":5}},"type":"if","locations":[{"start":{"line":452,"column":4},"end":{"line":454,"column":5}},{"start":{},"end":{}}],"line":452},"59":{"loc":{"start":{"line":467,"column":4},"end":{"line":469,"column":5}},"type":"if","locations":[{"start":{"line":467,"column":4},"end":{"line":469,"column":5}},{"start":{},"end":{}}],"line":467},"60":{"loc":{"start":{"line":467,"column":8},"end":{"line":467,"column":46}},"type":"binary-expr","locations":[{"start":{"line":467,"column":8},"end":{"line":467,"column":20}},{"start":{"line":467,"column":24},"end":{"line":467,"column":46}}],"line":467},"61":{"loc":{"start":{"line":471,"column":4},"end":{"line":471,"column":74}},"type":"if","locations":[{"start":{"line":471,"column":4},"end":{"line":471,"column":74}},{"start":{},"end":{}}],"line":471},"62":{"loc":{"start":{"line":472,"column":4},"end":{"line":474,"column":5}},"type":"if","locations":[{"start":{"line":472,"column":4},"end":{"line":474,"column":5}},{"start":{},"end":{}}],"line":472},"63":{"loc":{"start":{"line":472,"column":8},"end":{"line":472,"column":51}},"type":"binary-expr","locations":[{"start":{"line":472,"column":8},"end":{"line":472,"column":24}},{"start":{"line":472,"column":28},"end":{"line":472,"column":51}}],"line":472},"64":{"loc":{"start":{"line":475,"column":4},"end":{"line":477,"column":5}},"type":"if","locations":[{"start":{"line":475,"column":4},"end":{"line":477,"column":5}},{"start":{},"end":{}}],"line":475}},"s":{"0":5,"1":5,"2":5,"3":5,"4":5,"5":5,"6":5,"7":5,"8":5,"9":5,"10":5,"11":0,"12":0,"13":0,"14":0,"15":0,"16":0,"17":5,"18":0,"19":5,"20":0,"21":5,"22":0,"23":0,"24":0,"25":0,"26":0,"27":5,"28":4,"29":4,"30":4,"31":1,"32":3,"33":1,"34":2,"35":0,"36":2,"37":2,"38":1,"39":1,"40":1,"41":0,"42":0,"43":0,"44":0,"45":0,"46":0,"47":0,"48":0,"49":0,"50":0,"51":0,"52":0,"53":0,"54":5,"55":4,"56":4,"57":4,"58":0,"59":4,"60":4,"61":1,"62":1,"63":0,"64":1,"65":3,"66":1,"67":2,"68":1,"69":1,"70":1,"71":1,"72":1,"73":1,"74":0,"75":0,"76":5,"77":4,"78":4,"79":4,"80":1,"81":3,"82":3,"83":1,"84":1,"85":0,"86":1,"87":2,"88":0,"89":2,"90":0,"91":2,"92":2,"93":1,"94":1,"95":1,"96":0,"97":0,"98":5,"99":0,"100":0,"101":0,"102":0,"103":0,"104":0,"105":0,"106":0,"107":0,"108":0,"109":0,"110":0,"111":0,"112":0,"113":0,"114":0,"115":0,"116":5,"117":0,"118":0,"119":0,"120":0,"121":0,"122":0,"123":0,"124":0,"125":0,"126":0,"127":0,"128":0,"129":0,"130":0,"131":0,"132":0,"133":0,"134":0,"135":0,"136":5,"137":0,"138":0,"139":0,"140":0,"141":0,"142":0,"143":0,"144":0,"145":0,"146":0,"147":0,"148":5,"149":0,"150":0,"151":0,"152":0,"153":0,"154":0,"155":0,"156":0,"157":0,"158":0,"159":0,"160":0,"161":0,"162":0,"163":0,"164":5},"f":{"0":0,"1":0,"2":0,"3":4,"4":0,"5":4,"6":4,"7":0,"8":0,"9":0,"10":0},"b":{"0":[0,5],"1":[5,0,0,0],"2":[0,0],"3":[0],"4":[0,0],"5":[0,0],"6":[0,0],"7":[0,0],"8":[1,3],"9":[4,3,3],"10":[1,2],"11":[0,2],"12":[1,1],"13":[1,0],"14":[0,0],"15":[0,0],"16":[0,0],"17":[0,0],"18":[0,0],"19":[0,0],"20":[0,0],"21":[0,0],"22":[0,0],"23":[0,0],"24":[0,0],"25":[0,0],"26":[0,0],"27":[0,0],"28":[0,0],"29":[0,0],"30":[0,4],"31":[4,4],"32":[1,3],"33":[0,1],"34":[1,2],"35":[1,1],"36":[1,1],"37":[1,3],"38":[4,4],"39":[1,2],"40":[0,1],"41":[0,2],"42":[2,0],"43":[0,2],"44":[1,1],"45":[1,1],"46":[0,0],"47":[0,0],"48":[0,0],"49":[0,0],"50":[0,0],"51":[0,0],"52":[0,0],"53":[0,0],"54":[0,0],"55":[0,0],"56":[0,0],"57":[0,0],"58":[0,0],"59":[0,0],"60":[0,0],"61":[0,0],"62":[0,0],"63":[0,0],"64":[0,0]},"_coverageSchema":"1a1c01bbd47fc00a2c39e90264f33305004495a9","hash":"91636eda39c1de72fc519247e376cd856e36c42a"}
,"C:\\Users\\SpeedyNet IT\\Desktop\\IIUC MentorBridge v2\\backend\\src\\controllers\\bloodController.js": {"path":"C:\\Users\\SpeedyNet IT\\Desktop\\IIUC MentorBridge v2\\backend\\src\\controllers\\bloodController.js","statementMap":{"0":{"start":{"line":1,"column":15},"end":{"line":1,"column":41}},"1":{"start":{"line":3,"column":20},"end":{"line":25,"column":1}},"2":{"start":{"line":4,"column":2},"end":{"line":24,"column":3}},"3":{"start":{"line":5,"column":27},"end":{"line":5,"column":36}},"4":{"start":{"line":6,"column":18},"end":{"line":6,"column":20}},"5":{"start":{"line":7,"column":4},"end":{"line":7,"column":74}},"6":{"start":{"line":7,"column":44},"end":{"line":7,"column":74}},"7":{"start":{"line":9,"column":21},"end":{"line":19,"column":6}},"8":{"start":{"line":20,"column":4},"end":{"line":20,"column":23}},"9":{"start":{"line":22,"column":4},"end":{"line":22,"column":62}},"10":{"start":{"line":23,"column":4},"end":{"line":23,"column":76}},"11":{"start":{"line":27,"column":22},"end":{"line":84,"column":1}},"12":{"start":{"line":28,"column":2},"end":{"line":83,"column":3}},"13":{"start":{"line":29,"column":86},"end":{"line":29,"column":94}},"14":{"start":{"line":31,"column":4},"end":{"line":33,"column":5}},"15":{"start":{"line":32,"column":6},"end":{"line":32,"column":85}},"16":{"start":{"line":35,"column":17},"end":{"line":35,"column":76}},"17":{"start":{"line":36,"column":4},"end":{"line":38,"column":5}},"18":{"start":{"line":37,"column":6},"end":{"line":37,"column":86}},"19":{"start":{"line":40,"column":20},"end":{"line":50,"column":6}},"20":{"start":{"line":52,"column":24},"end":{"line":52,"column":25}},"21":{"start":{"line":53,"column":4},"end":{"line":77,"column":5}},"22":{"start":{"line":54,"column":28},"end":{"line":61,"column":8}},"23":{"start":{"line":63,"column":6},"end":{"line":74,"column":7}},"24":{"start":{"line":64,"column":8},"end":{"line":72,"column":11}},"25":{"start":{"line":65,"column":40},"end":{"line":70,"column":11}},"26":{"start":{"line":73,"column":8},"end":{"line":73,"column":45}},"27":{"start":{"line":76,"column":6},"end":{"line":76,"column":68}},"28":{"start":{"line":79,"column":4},"end":{"line":79,"column":56}},"29":{"start":{"line":81,"column":4},"end":{"line":81,"column":64}},"30":{"start":{"line":82,"column":4},"end":{"line":82,"column":76}},"31":{"start":{"line":86,"column":22},"end":{"line":96,"column":1}},"32":{"start":{"line":87,"column":2},"end":{"line":95,"column":3}},"33":{"start":{"line":88,"column":20},"end":{"line":88,"column":100}},"34":{"start":{"line":89,"column":4},"end":{"line":89,"column":72}},"35":{"start":{"line":89,"column":18},"end":{"line":89,"column":72}},"36":{"start":{"line":90,"column":4},"end":{"line":90,"column":96}},"37":{"start":{"line":90,"column":39},"end":{"line":90,"column":96}},"38":{"start":{"line":91,"column":4},"end":{"line":91,"column":81}},"39":{"start":{"line":92,"column":4},"end":{"line":92,"column":37}},"40":{"start":{"line":94,"column":4},"end":{"line":94,"column":76}},"41":{"start":{"line":98,"column":23},"end":{"line":111,"column":1}},"42":{"start":{"line":99,"column":2},"end":{"line":110,"column":3}},"43":{"start":{"line":100,"column":20},"end":{"line":100,"column":100}},"44":{"start":{"line":101,"column":4},"end":{"line":101,"column":72}},"45":{"start":{"line":101,"column":18},"end":{"line":101,"column":72}},"46":{"start":{"line":102,"column":4},"end":{"line":102,"column":96}},"47":{"start":{"line":102,"column":39},"end":{"line":102,"column":96}},"48":{"start":{"line":103,"column":20},"end":{"line":106,"column":6}},"49":{"start":{"line":107,"column":4},"end":{"line":107,"column":22}},"50":{"start":{"line":109,"column":4},"end":{"line":109,"column":76}},"51":{"start":{"line":113,"column":18},"end":{"line":131,"column":1}},"52":{"start":{"line":114,"column":2},"end":{"line":130,"column":3}},"53":{"start":{"line":115,"column":37},"end":{"line":115,"column":46}},"54":{"start":{"line":116,"column":18},"end":{"line":116,"column":20}},"55":{"start":{"line":117,"column":4},"end":{"line":117,"column":74}},"56":{"start":{"line":117,"column":44},"end":{"line":117,"column":74}},"57":{"start":{"line":118,"column":4},"end":{"line":118,"column":79}},"58":{"start":{"line":118,"column":18},"end":{"line":118,"column":79}},"59":{"start":{"line":120,"column":19},"end":{"line":126,"column":6}},"60":{"start":{"line":127,"column":4},"end":{"line":127,"column":21}},"61":{"start":{"line":129,"column":4},"end":{"line":129,"column":76}},"62":{"start":{"line":133,"column":26},"end":{"line":142,"column":1}},"63":{"start":{"line":134,"column":2},"end":{"line":141,"column":3}},"64":{"start":{"line":135,"column":18},"end":{"line":137,"column":6}},"65":{"start":{"line":138,"column":4},"end":{"line":138,"column":20}},"66":{"start":{"line":140,"column":4},"end":{"line":140,"column":76}},"67":{"start":{"line":144,"column":22},"end":{"line":193,"column":1}},"68":{"start":{"line":145,"column":2},"end":{"line":192,"column":3}},"69":{"start":{"line":146,"column":76},"end":{"line":146,"column":84}},"70":{"start":{"line":148,"column":4},"end":{"line":150,"column":5}},"71":{"start":{"line":149,"column":6},"end":{"line":149,"column":94}},"72":{"start":{"line":152,"column":17},"end":{"line":152,"column":76}},"73":{"start":{"line":153,"column":4},"end":{"line":153,"column":74}},"74":{"start":{"line":153,"column":15},"end":{"line":153,"column":74}},"75":{"start":{"line":155,"column":21},"end":{"line":155,"column":89}},"76":{"start":{"line":158,"column":4},"end":{"line":186,"column":5}},"77":{"start":{"line":159,"column":6},"end":{"line":168,"column":9}},"78":{"start":{"line":170,"column":6},"end":{"line":179,"column":9}},"79":{"start":{"line":182,"column":6},"end":{"line":185,"column":9}},"80":{"start":{"line":188,"column":4},"end":{"line":188,"column":20}},"81":{"start":{"line":190,"column":4},"end":{"line":190,"column":58}},"82":{"start":{"line":191,"column":4},"end":{"line":191,"column":76}},"83":{"start":{"line":195,"column":0},"end":{"line":198,"column":2}}},"fnMap":{"0":{"name":"(anonymous_0)","decl":{"start":{"line":3,"column":20},"end":{"line":3,"column":21}},"loc":{"start":{"line":3,"column":40},"end":{"line":25,"column":1}},"line":3},"1":{"name":"(anonymous_1)","decl":{"start":{"line":27,"column":22},"end":{"line":27,"column":23}},"loc":{"start":{"line":27,"column":42},"end":{"line":84,"column":1}},"line":27},"2":{"name":"(anonymous_2)","decl":{"start":{"line":65,"column":34},"end":{"line":65,"column":35}},"loc":{"start":{"line":65,"column":40},"end":{"line":70,"column":11}},"line":65},"3":{"name":"(anonymous_3)","decl":{"start":{"line":86,"column":22},"end":{"line":86,"column":23}},"loc":{"start":{"line":86,"column":42},"end":{"line":96,"column":1}},"line":86},"4":{"name":"(anonymous_4)","decl":{"start":{"line":98,"column":23},"end":{"line":98,"column":24}},"loc":{"start":{"line":98,"column":43},"end":{"line":111,"column":1}},"line":98},"5":{"name":"(anonymous_5)","decl":{"start":{"line":113,"column":18},"end":{"line":113,"column":19}},"loc":{"start":{"line":113,"column":38},"end":{"line":131,"column":1}},"line":113},"6":{"name":"(anonymous_6)","decl":{"start":{"line":133,"column":26},"end":{"line":133,"column":27}},"loc":{"start":{"line":133,"column":46},"end":{"line":142,"column":1}},"line":133},"7":{"name":"(anonymous_7)","decl":{"start":{"line":144,"column":22},"end":{"line":144,"column":23}},"loc":{"start":{"line":144,"column":42},"end":{"line":193,"column":1}},"line":144}},"branchMap":{"0":{"loc":{"start":{"line":7,"column":4},"end":{"line":7,"column":74}},"type":"if","locations":[{"start":{"line":7,"column":4},"end":{"line":7,"column":74}},{"start":{},"end":{}}],"line":7},"1":{"loc":{"start":{"line":7,"column":8},"end":{"line":7,"column":42}},"type":"binary-expr","locations":[{"start":{"line":7,"column":8},"end":{"line":7,"column":18}},{"start":{"line":7,"column":22},"end":{"line":7,"column":42}}],"line":7},"2":{"loc":{"start":{"line":31,"column":4},"end":{"line":33,"column":5}},"type":"if","locations":[{"start":{"line":31,"column":4},"end":{"line":33,"column":5}},{"start":{},"end":{}}],"line":31},"3":{"loc":{"start":{"line":31,"column":8},"end":{"line":31,"column":73}},"type":"binary-expr","locations":[{"start":{"line":31,"column":8},"end":{"line":31,"column":19}},{"start":{"line":31,"column":23},"end":{"line":31,"column":35}},{"start":{"line":31,"column":39},"end":{"line":31,"column":48}},{"start":{"line":31,"column":52},"end":{"line":31,"column":61}},{"start":{"line":31,"column":65},"end":{"line":31,"column":73}}],"line":31},"4":{"loc":{"start":{"line":36,"column":4},"end":{"line":38,"column":5}},"type":"if","locations":[{"start":{"line":36,"column":4},"end":{"line":38,"column":5}},{"start":{},"end":{}}],"line":36},"5":{"loc":{"start":{"line":43,"column":17},"end":{"line":43,"column":32}},"type":"binary-expr","locations":[{"start":{"line":43,"column":17},"end":{"line":43,"column":24}},{"start":{"line":43,"column":28},"end":{"line":43,"column":32}}],"line":43},"6":{"loc":{"start":{"line":44,"column":16},"end":{"line":44,"column":31}},"type":"binary-expr","locations":[{"start":{"line":44,"column":16},"end":{"line":44,"column":22}},{"start":{"line":44,"column":26},"end":{"line":44,"column":31}}],"line":44},"7":{"loc":{"start":{"line":63,"column":6},"end":{"line":74,"column":7}},"type":"if","locations":[{"start":{"line":63,"column":6},"end":{"line":74,"column":7}},{"start":{},"end":{}}],"line":63},"8":{"loc":{"start":{"line":89,"column":4},"end":{"line":89,"column":72}},"type":"if","locations":[{"start":{"line":89,"column":4},"end":{"line":89,"column":72}},{"start":{},"end":{}}],"line":89},"9":{"loc":{"start":{"line":90,"column":4},"end":{"line":90,"column":96}},"type":"if","locations":[{"start":{"line":90,"column":4},"end":{"line":90,"column":96}},{"start":{},"end":{}}],"line":90},"10":{"loc":{"start":{"line":101,"column":4},"end":{"line":101,"column":72}},"type":"if","locations":[{"start":{"line":101,"column":4},"end":{"line":101,"column":72}},{"start":{},"end":{}}],"line":101},"11":{"loc":{"start":{"line":102,"column":4},"end":{"line":102,"column":96}},"type":"if","locations":[{"start":{"line":102,"column":4},"end":{"line":102,"column":96}},{"start":{},"end":{}}],"line":102},"12":{"loc":{"start":{"line":117,"column":4},"end":{"line":117,"column":74}},"type":"if","locations":[{"start":{"line":117,"column":4},"end":{"line":117,"column":74}},{"start":{},"end":{}}],"line":117},"13":{"loc":{"start":{"line":117,"column":8},"end":{"line":117,"column":42}},"type":"binary-expr","locations":[{"start":{"line":117,"column":8},"end":{"line":117,"column":18}},{"start":{"line":117,"column":22},"end":{"line":117,"column":42}}],"line":117},"14":{"loc":{"start":{"line":118,"column":4},"end":{"line":118,"column":79}},"type":"if","locations":[{"start":{"line":118,"column":4},"end":{"line":118,"column":79}},{"start":{},"end":{}}],"line":118},"15":{"loc":{"start":{"line":148,"column":4},"end":{"line":150,"column":5}},"type":"if","locations":[{"start":{"line":148,"column":4},"end":{"line":150,"column":5}},{"start":{},"end":{}}],"line":148},"16":{"loc":{"start":{"line":148,"column":8},"end":{"line":148,"column":45}},"type":"binary-expr","locations":[{"start":{"line":148,"column":8},"end":{"line":148,"column":19}},{"start":{"line":148,"column":23},"end":{"line":148,"column":32}},{"start":{"line":148,"column":36},"end":{"line":148,"column":45}}],"line":148},"17":{"loc":{"start":{"line":153,"column":4},"end":{"line":153,"column":74}},"type":"if","locations":[{"start":{"line":153,"column":4},"end":{"line":153,"column":74}},{"start":{},"end":{}}],"line":153},"18":{"loc":{"start":{"line":158,"column":4},"end":{"line":186,"column":5}},"type":"if","locations":[{"start":{"line":158,"column":4},"end":{"line":186,"column":5}},{"start":{"line":169,"column":11},"end":{"line":186,"column":5}}],"line":158},"19":{"loc":{"start":{"line":165,"column":21},"end":{"line":165,"column":63}},"type":"cond-expr","locations":[{"start":{"line":165,"column":47},"end":{"line":165,"column":56}},{"start":{"line":165,"column":59},"end":{"line":165,"column":63}}],"line":165},"20":{"loc":{"start":{"line":166,"column":28},"end":{"line":166,"column":80}},"type":"cond-expr","locations":[{"start":{"line":166,"column":47},"end":{"line":166,"column":73}},{"start":{"line":166,"column":76},"end":{"line":166,"column":80}}],"line":166},"21":{"loc":{"start":{"line":175,"column":21},"end":{"line":175,"column":63}},"type":"cond-expr","locations":[{"start":{"line":175,"column":47},"end":{"line":175,"column":56}},{"start":{"line":175,"column":59},"end":{"line":175,"column":63}}],"line":175},"22":{"loc":{"start":{"line":176,"column":28},"end":{"line":176,"column":80}},"type":"cond-expr","locations":[{"start":{"line":176,"column":47},"end":{"line":176,"column":73}},{"start":{"line":176,"column":76},"end":{"line":176,"column":80}}],"line":176}},"s":{"0":5,"1":5,"2":0,"3":0,"4":0,"5":0,"6":0,"7":0,"8":0,"9":0,"10":0,"11":5,"12":0,"13":0,"14":0,"15":0,"16":0,"17":0,"18":0,"19":0,"20":0,"21":0,"22":0,"23":0,"24":0,"25":0,"26":0,"27":0,"28":0,"29":0,"30":0,"31":5,"32":0,"33":0,"34":0,"35":0,"36":0,"37":0,"38":0,"39":0,"40":0,"41":5,"42":0,"43":0,"44":0,"45":0,"46":0,"47":0,"48":0,"49":0,"50":0,"51":5,"52":0,"53":0,"54":0,"55":0,"56":0,"57":0,"58":0,"59":0,"60":0,"61":0,"62":5,"63":0,"64":0,"65":0,"66":0,"67":5,"68":0,"69":0,"70":0,"71":0,"72":0,"73":0,"74":0,"75":0,"76":0,"77":0,"78":0,"79":0,"80":0,"81":0,"82":0,"83":5},"f":{"0":0,"1":0,"2":0,"3":0,"4":0,"5":0,"6":0,"7":0},"b":{"0":[0,0],"1":[0,0],"2":[0,0],"3":[0,0,0,0,0],"4":[0,0],"5":[0,0],"6":[0,0],"7":[0,0],"8":[0,0],"9":[0,0],"10":[0,0],"11":[0,0],"12":[0,0],"13":[0,0],"14":[0,0],"15":[0,0],"16":[0,0,0],"17":[0,0],"18":[0,0],"19":[0,0],"20":[0,0],"21":[0,0],"22":[0,0]},"_coverageSchema":"1a1c01bbd47fc00a2c39e90264f33305004495a9","hash":"765953eae38aa3dc9a2da4258ef0a3cadb040678"}
,"C:\\Users\\SpeedyNet IT\\Desktop\\IIUC MentorBridge v2\\backend\\src\\controllers\\chatController.js": {"path":"C:\\Users\\SpeedyNet IT\\Desktop\\IIUC MentorBridge v2\\backend\\src\\controllers\\chatController.js","statementMap":{"0":{"start":{"line":1,"column":31},"end":{"line":1,"column":63}},"1":{"start":{"line":3,"column":14},"end":{"line":3,"column":64}},"2":{"start":{"line":5,"column":13},"end":{"line":43,"column":1}},"3":{"start":{"line":6,"column":2},"end":{"line":42,"column":3}},"4":{"start":{"line":7,"column":38},"end":{"line":7,"column":46}},"5":{"start":{"line":8,"column":4},"end":{"line":10,"column":5}},"6":{"start":{"line":9,"column":6},"end":{"line":9,"column":67}},"7":{"start":{"line":12,"column":18},"end":{"line":25,"column":6}},"8":{"start":{"line":27,"column":24},"end":{"line":32,"column":9}},"9":{"start":{"line":28,"column":19},"end":{"line":28,"column":38}},"10":{"start":{"line":29,"column":17},"end":{"line":32,"column":7}},"11":{"start":{"line":34,"column":24},"end":{"line":34,"column":65}},"12":{"start":{"line":35,"column":19},"end":{"line":35,"column":57}},"13":{"start":{"line":36,"column":18},"end":{"line":36,"column":40}},"14":{"start":{"line":38,"column":4},"end":{"line":38,"column":40}},"15":{"start":{"line":40,"column":4},"end":{"line":40,"column":55}},"16":{"start":{"line":41,"column":4},"end":{"line":41,"column":80}},"17":{"start":{"line":45,"column":0},"end":{"line":45,"column":26}}},"fnMap":{"0":{"name":"(anonymous_0)","decl":{"start":{"line":5,"column":13},"end":{"line":5,"column":14}},"loc":{"start":{"line":5,"column":33},"end":{"line":43,"column":1}},"line":5},"1":{"name":"(anonymous_1)","decl":{"start":{"line":28,"column":14},"end":{"line":28,"column":15}},"loc":{"start":{"line":28,"column":19},"end":{"line":28,"column":38}},"line":28},"2":{"name":"(anonymous_2)","decl":{"start":{"line":29,"column":11},"end":{"line":29,"column":12}},"loc":{"start":{"line":29,"column":17},"end":{"line":32,"column":7}},"line":29}},"branchMap":{"0":{"loc":{"start":{"line":7,"column":21},"end":{"line":7,"column":33}},"type":"default-arg","locations":[{"start":{"line":7,"column":31},"end":{"line":7,"column":33}}],"line":7},"1":{"loc":{"start":{"line":8,"column":4},"end":{"line":10,"column":5}},"type":"if","locations":[{"start":{"line":8,"column":4},"end":{"line":10,"column":5}},{"start":{},"end":{}}],"line":8},"2":{"loc":{"start":{"line":28,"column":19},"end":{"line":28,"column":38}},"type":"binary-expr","locations":[{"start":{"line":28,"column":19},"end":{"line":28,"column":25}},{"start":{"line":28,"column":29},"end":{"line":28,"column":38}}],"line":28},"3":{"loc":{"start":{"line":30,"column":14},"end":{"line":30,"column":55}},"type":"cond-expr","locations":[{"start":{"line":30,"column":39},"end":{"line":30,"column":46}},{"start":{"line":30,"column":49},"end":{"line":30,"column":55}}],"line":30}},"s":{"0":5,"1":5,"2":5,"3":0,"4":0,"5":0,"6":0,"7":0,"8":0,"9":0,"10":0,"11":0,"12":0,"13":0,"14":0,"15":0,"16":0,"17":5},"f":{"0":0,"1":0,"2":0},"b":{"0":[0],"1":[0,0],"2":[0,0],"3":[0,0]},"_coverageSchema":"1a1c01bbd47fc00a2c39e90264f33305004495a9","hash":"21503e6f7c61a762707846b45adcc95f1832b564"}
,"C:\\Users\\SpeedyNet IT\\Desktop\\IIUC MentorBridge v2\\backend\\src\\controllers\\connectionController.js": {"path":"C:\\Users\\SpeedyNet IT\\Desktop\\IIUC MentorBridge v2\\backend\\src\\controllers\\connectionController.js","statementMap":{"0":{"start":{"line":1,"column":15},"end":{"line":1,"column":41}},"1":{"start":{"line":3,"column":20},"end":{"line":61,"column":1}},"2":{"start":{"line":4,"column":2},"end":{"line":60,"column":3}},"3":{"start":{"line":5,"column":27},"end":{"line":5,"column":35}},"4":{"start":{"line":6,"column":4},"end":{"line":6,"column":85}},"5":{"start":{"line":6,"column":21},"end":{"line":6,"column":85}},"6":{"start":{"line":7,"column":4},"end":{"line":9,"column":5}},"7":{"start":{"line":8,"column":6},"end":{"line":8,"column":79}},"8":{"start":{"line":11,"column":31},"end":{"line":14,"column":6}},"9":{"start":{"line":15,"column":4},"end":{"line":17,"column":5}},"10":{"start":{"line":16,"column":6},"end":{"line":16,"column":65}},"11":{"start":{"line":19,"column":4},"end":{"line":27,"column":7}},"12":{"start":{"line":29,"column":21},"end":{"line":36,"column":6}},"13":{"start":{"line":37,"column":4},"end":{"line":39,"column":5}},"14":{"start":{"line":38,"column":6},"end":{"line":38,"column":101}},"15":{"start":{"line":41,"column":23},"end":{"line":43,"column":6}},"16":{"start":{"line":45,"column":4},"end":{"line":54,"column":69}},"17":{"start":{"line":46,"column":6},"end":{"line":53,"column":9}},"18":{"start":{"line":54,"column":18},"end":{"line":54,"column":67}},"19":{"start":{"line":56,"column":4},"end":{"line":56,"column":66}},"20":{"start":{"line":58,"column":4},"end":{"line":58,"column":56}},"21":{"start":{"line":59,"column":4},"end":{"line":59,"column":76}},"22":{"start":{"line":63,"column":22},"end":{"line":73,"column":1}},"23":{"start":{"line":64,"column":2},"end":{"line":72,"column":3}},"24":{"start":{"line":65,"column":27},"end":{"line":65,"column":35}},"25":{"start":{"line":66,"column":4},"end":{"line":68,"column":7}},"26":{"start":{"line":69,"column":4},"end":{"line":69,"column":47}},"27":{"start":{"line":71,"column":4},"end":{"line":71,"column":76}},"28":{"start":{"line":75,"column":22},"end":{"line":88,"column":1}},"29":{"start":{"line":76,"column":2},"end":{"line":87,"column":3}},"30":{"start":{"line":77,"column":21},"end":{"line":83,"column":6}},"31":{"start":{"line":84,"column":4},"end":{"line":84,"column":23}},"32":{"start":{"line":86,"column":4},"end":{"line":86,"column":76}},"33":{"start":{"line":90,"column":22},"end":{"line":119,"column":1}},"34":{"start":{"line":91,"column":2},"end":{"line":118,"column":3}},"35":{"start":{"line":92,"column":23},"end":{"line":92,"column":31}},"36":{"start":{"line":93,"column":23},"end":{"line":100,"column":6}},"37":{"start":{"line":102,"column":4},"end":{"line":113,"column":5}},"38":{"start":{"line":103,"column":6},"end":{"line":112,"column":71}},"39":{"start":{"line":104,"column":8},"end":{"line":111,"column":11}},"40":{"start":{"line":112,"column":20},"end":{"line":112,"column":69}},"41":{"start":{"line":115,"column":4},"end":{"line":115,"column":59}},"42":{"start":{"line":117,"column":4},"end":{"line":117,"column":76}},"43":{"start":{"line":121,"column":19},"end":{"line":136,"column":1}},"44":{"start":{"line":122,"column":2},"end":{"line":135,"column":3}},"45":{"start":{"line":123,"column":23},"end":{"line":123,"column":31}},"46":{"start":{"line":124,"column":4},"end":{"line":131,"column":7}},"47":{"start":{"line":132,"column":4},"end":{"line":132,"column":42}},"48":{"start":{"line":134,"column":4},"end":{"line":134,"column":76}},"49":{"start":{"line":138,"column":28},"end":{"line":157,"column":1}},"50":{"start":{"line":139,"column":2},"end":{"line":156,"column":3}},"51":{"start":{"line":140,"column":23},"end":{"line":140,"column":33}},"52":{"start":{"line":141,"column":23},"end":{"line":148,"column":6}},"53":{"start":{"line":149,"column":4},"end":{"line":149,"column":57}},"54":{"start":{"line":149,"column":21},"end":{"line":149,"column":57}},"55":{"start":{"line":150,"column":4},"end":{"line":150,"column":112}},"56":{"start":{"line":150,"column":42},"end":{"line":150,"column":112}},"57":{"start":{"line":151,"column":4},"end":{"line":151,"column":78}},"58":{"start":{"line":151,"column":42},"end":{"line":151,"column":78}},"59":{"start":{"line":152,"column":4},"end":{"line":152,"column":109}},"60":{"start":{"line":152,"column":44},"end":{"line":152,"column":109}},"61":{"start":{"line":153,"column":4},"end":{"line":153,"column":73}},"62":{"start":{"line":155,"column":4},"end":{"line":155,"column":76}},"63":{"start":{"line":159,"column":25},"end":{"line":177,"column":1}},"64":{"start":{"line":160,"column":2},"end":{"line":176,"column":3}},"65":{"start":{"line":161,"column":24},"end":{"line":172,"column":6}},"66":{"start":{"line":173,"column":4},"end":{"line":173,"column":26}},"67":{"start":{"line":175,"column":4},"end":{"line":175,"column":76}},"68":{"start":{"line":179,"column":0},"end":{"line":182,"column":2}}},"fnMap":{"0":{"name":"(anonymous_0)","decl":{"start":{"line":3,"column":20},"end":{"line":3,"column":21}},"loc":{"start":{"line":3,"column":40},"end":{"line":61,"column":1}},"line":3},"1":{"name":"(anonymous_1)","decl":{"start":{"line":63,"column":22},"end":{"line":63,"column":23}},"loc":{"start":{"line":63,"column":42},"end":{"line":73,"column":1}},"line":63},"2":{"name":"(anonymous_2)","decl":{"start":{"line":75,"column":22},"end":{"line":75,"column":23}},"loc":{"start":{"line":75,"column":42},"end":{"line":88,"column":1}},"line":75},"3":{"name":"(anonymous_3)","decl":{"start":{"line":90,"column":22},"end":{"line":90,"column":23}},"loc":{"start":{"line":90,"column":42},"end":{"line":119,"column":1}},"line":90},"4":{"name":"(anonymous_4)","decl":{"start":{"line":121,"column":19},"end":{"line":121,"column":20}},"loc":{"start":{"line":121,"column":39},"end":{"line":136,"column":1}},"line":121},"5":{"name":"(anonymous_5)","decl":{"start":{"line":138,"column":28},"end":{"line":138,"column":29}},"loc":{"start":{"line":138,"column":48},"end":{"line":157,"column":1}},"line":138},"6":{"name":"(anonymous_6)","decl":{"start":{"line":159,"column":25},"end":{"line":159,"column":26}},"loc":{"start":{"line":159,"column":45},"end":{"line":177,"column":1}},"line":159}},"branchMap":{"0":{"loc":{"start":{"line":6,"column":4},"end":{"line":6,"column":85}},"type":"if","locations":[{"start":{"line":6,"column":4},"end":{"line":6,"column":85}},{"start":{},"end":{}}],"line":6},"1":{"loc":{"start":{"line":7,"column":4},"end":{"line":9,"column":5}},"type":"if","locations":[{"start":{"line":7,"column":4},"end":{"line":9,"column":5}},{"start":{},"end":{}}],"line":7},"2":{"loc":{"start":{"line":15,"column":4},"end":{"line":17,"column":5}},"type":"if","locations":[{"start":{"line":15,"column":4},"end":{"line":17,"column":5}},{"start":{},"end":{}}],"line":15},"3":{"loc":{"start":{"line":15,"column":8},"end":{"line":15,"column":28}},"type":"binary-expr","locations":[{"start":{"line":15,"column":8},"end":{"line":15,"column":15}},{"start":{"line":15,"column":19},"end":{"line":15,"column":28}}],"line":15},"4":{"loc":{"start":{"line":37,"column":4},"end":{"line":39,"column":5}},"type":"if","locations":[{"start":{"line":37,"column":4},"end":{"line":39,"column":5}},{"start":{},"end":{}}],"line":37},"5":{"loc":{"start":{"line":102,"column":4},"end":{"line":113,"column":5}},"type":"if","locations":[{"start":{"line":102,"column":4},"end":{"line":113,"column":5}},{"start":{},"end":{}}],"line":102},"6":{"loc":{"start":{"line":149,"column":4},"end":{"line":149,"column":57}},"type":"if","locations":[{"start":{"line":149,"column":4},"end":{"line":149,"column":57}},{"start":{},"end":{}}],"line":149},"7":{"loc":{"start":{"line":150,"column":4},"end":{"line":150,"column":112}},"type":"if","locations":[{"start":{"line":150,"column":4},"end":{"line":150,"column":112}},{"start":{},"end":{}}],"line":150},"8":{"loc":{"start":{"line":151,"column":4},"end":{"line":151,"column":78}},"type":"if","locations":[{"start":{"line":151,"column":4},"end":{"line":151,"column":78}},{"start":{},"end":{}}],"line":151},"9":{"loc":{"start":{"line":152,"column":4},"end":{"line":152,"column":109}},"type":"if","locations":[{"start":{"line":152,"column":4},"end":{"line":152,"column":109}},{"start":{},"end":{}}],"line":152}},"s":{"0":5,"1":5,"2":2,"3":2,"4":2,"5":0,"6":2,"7":1,"8":1,"9":1,"10":0,"11":1,"12":1,"13":1,"14":0,"15":1,"16":1,"17":1,"18":0,"19":1,"20":0,"21":0,"22":5,"23":1,"24":1,"25":1,"26":1,"27":0,"28":5,"29":0,"30":0,"31":0,"32":0,"33":5,"34":1,"35":1,"36":1,"37":1,"38":1,"39":1,"40":0,"41":1,"42":0,"43":5,"44":1,"45":1,"46":1,"47":1,"48":0,"49":5,"50":2,"51":2,"52":2,"53":2,"54":1,"55":1,"56":0,"57":1,"58":0,"59":1,"60":1,"61":0,"62":0,"63":5,"64":1,"65":1,"66":1,"67":0,"68":5},"f":{"0":2,"1":1,"2":0,"3":1,"4":1,"5":2,"6":1},"b":{"0":[0,2],"1":[1,1],"2":[0,1],"3":[1,1],"4":[0,1],"5":[1,0],"6":[1,1],"7":[0,1],"8":[0,1],"9":[1,0]},"_coverageSchema":"1a1c01bbd47fc00a2c39e90264f33305004495a9","hash":"52c327020095ac3daf5166348e645fe1daaf876d"}
,"C:\\Users\\SpeedyNet IT\\Desktop\\IIUC MentorBridge v2\\backend\\src\\controllers\\marketController.js": {"path":"C:\\Users\\SpeedyNet IT\\Desktop\\IIUC MentorBridge v2\\backend\\src\\controllers\\marketController.js","statementMap":{"0":{"start":{"line":1,"column":15},"end":{"line":1,"column":41}},"1":{"start":{"line":2,"column":19},"end":{"line":2,"column":43}},"2":{"start":{"line":3,"column":15},"end":{"line":3,"column":32}},"3":{"start":{"line":5,"column":0},"end":{"line":9,"column":3}},"4":{"start":{"line":11,"column":16},"end":{"line":11,"column":38}},"5":{"start":{"line":12,"column":15},"end":{"line":12,"column":74}},"6":{"start":{"line":14,"column":24},"end":{"line":24,"column":1}},"7":{"start":{"line":15,"column":2},"end":{"line":23,"column":59}},"8":{"start":{"line":16,"column":21},"end":{"line":16,"column":32}},"9":{"start":{"line":17,"column":19},"end":{"line":20,"column":6}},"10":{"start":{"line":21,"column":19},"end":{"line":21,"column":88}},"11":{"start":{"line":22,"column":4},"end":{"line":22,"column":49}},"12":{"start":{"line":23,"column":12},"end":{"line":23,"column":57}},"13":{"start":{"line":26,"column":17},"end":{"line":35,"column":1}},"14":{"start":{"line":27,"column":2},"end":{"line":34,"column":3}},"15":{"start":{"line":28,"column":18},"end":{"line":28,"column":86}},"16":{"start":{"line":29,"column":19},"end":{"line":29,"column":64}},"17":{"start":{"line":30,"column":4},"end":{"line":30,"column":21}},"18":{"start":{"line":32,"column":4},"end":{"line":32,"column":53}},"19":{"start":{"line":33,"column":4},"end":{"line":33,"column":76}},"20":{"start":{"line":37,"column":19},"end":{"line":49,"column":1}},"21":{"start":{"line":38,"column":2},"end":{"line":48,"column":3}},"22":{"start":{"line":39,"column":18},"end":{"line":42,"column":6}},"23":{"start":{"line":43,"column":19},"end":{"line":43,"column":64}},"24":{"start":{"line":44,"column":4},"end":{"line":44,"column":21}},"25":{"start":{"line":46,"column":4},"end":{"line":46,"column":56}},"26":{"start":{"line":47,"column":4},"end":{"line":47,"column":76}},"27":{"start":{"line":51,"column":19},"end":{"line":94,"column":1}},"28":{"start":{"line":52,"column":2},"end":{"line":93,"column":3}},"29":{"start":{"line":53,"column":63},"end":{"line":53,"column":71}},"30":{"start":{"line":54,"column":4},"end":{"line":54,"column":95}},"31":{"start":{"line":54,"column":26},"end":{"line":54,"column":95}},"32":{"start":{"line":56,"column":17},"end":{"line":56,"column":76}},"33":{"start":{"line":57,"column":4},"end":{"line":57,"column":74}},"34":{"start":{"line":57,"column":15},"end":{"line":57,"column":74}},"35":{"start":{"line":59,"column":17},"end":{"line":68,"column":6}},"36":{"start":{"line":70,"column":4},"end":{"line":86,"column":5}},"37":{"start":{"line":71,"column":6},"end":{"line":85,"column":7}},"38":{"start":{"line":72,"column":24},"end":{"line":79,"column":9}},"39":{"start":{"line":73,"column":32},"end":{"line":78,"column":12}},"40":{"start":{"line":74,"column":12},"end":{"line":77,"column":31}},"41":{"start":{"line":76,"column":33},"end":{"line":76,"column":76}},"42":{"start":{"line":76,"column":42},"end":{"line":76,"column":54}},"43":{"start":{"line":76,"column":60},"end":{"line":76,"column":76}},"44":{"start":{"line":80,"column":8},"end":{"line":82,"column":11}},"45":{"start":{"line":81,"column":34},"end":{"line":81,"column":72}},"46":{"start":{"line":84,"column":8},"end":{"line":84,"column":62}},"47":{"start":{"line":88,"column":21},"end":{"line":88,"column":48}},"48":{"start":{"line":89,"column":4},"end":{"line":89,"column":35}},"49":{"start":{"line":91,"column":4},"end":{"line":91,"column":55}},"50":{"start":{"line":92,"column":4},"end":{"line":92,"column":76}},"51":{"start":{"line":96,"column":19},"end":{"line":108,"column":1}},"52":{"start":{"line":97,"column":2},"end":{"line":107,"column":3}},"53":{"start":{"line":98,"column":17},"end":{"line":98,"column":95}},"54":{"start":{"line":99,"column":4},"end":{"line":99,"column":69}},"55":{"start":{"line":99,"column":15},"end":{"line":99,"column":69}},"56":{"start":{"line":100,"column":4},"end":{"line":100,"column":93}},"57":{"start":{"line":100,"column":36},"end":{"line":100,"column":93}},"58":{"start":{"line":101,"column":4},"end":{"line":101,"column":88}},"59":{"start":{"line":101,"column":10},"end":{"line":101,"column":77}},"60":{"start":{"line":102,"column":4},"end":{"line":102,"column":93}},"61":{"start":{"line":102,"column":10},"end":{"line":102,"column":82}},"62":{"start":{"line":103,"column":4},"end":{"line":103,"column":63}},"63":{"start":{"line":104,"column":4},"end":{"line":104,"column":37}},"64":{"start":{"line":106,"column":4},"end":{"line":106,"column":76}},"65":{"start":{"line":110,"column":16},"end":{"line":148,"column":1}},"66":{"start":{"line":111,"column":2},"end":{"line":147,"column":3}},"67":{"start":{"line":112,"column":19},"end":{"line":112,"column":42}},"68":{"start":{"line":113,"column":17},"end":{"line":113,"column":78}},"69":{"start":{"line":114,"column":4},"end":{"line":114,"column":74}},"70":{"start":{"line":114,"column":15},"end":{"line":114,"column":74}},"71":{"start":{"line":115,"column":4},"end":{"line":115,"column":105}},"72":{"start":{"line":115,"column":36},"end":{"line":115,"column":105}},"73":{"start":{"line":116,"column":4},"end":{"line":116,"column":94}},"74":{"start":{"line":116,"column":32},"end":{"line":116,"column":94}},"75":{"start":{"line":118,"column":4},"end":{"line":118,"column":95}},"76":{"start":{"line":118,"column":10},"end":{"line":118,"column":84}},"77":{"start":{"line":120,"column":18},"end":{"line":120,"column":100}},"78":{"start":{"line":122,"column":4},"end":{"line":130,"column":69}},"79":{"start":{"line":123,"column":6},"end":{"line":129,"column":9}},"80":{"start":{"line":130,"column":18},"end":{"line":130,"column":67}},"81":{"start":{"line":132,"column":4},"end":{"line":141,"column":69}},"82":{"start":{"line":133,"column":6},"end":{"line":140,"column":9}},"83":{"start":{"line":141,"column":18},"end":{"line":141,"column":67}},"84":{"start":{"line":143,"column":4},"end":{"line":143,"column":69}},"85":{"start":{"line":145,"column":4},"end":{"line":145,"column":47}},"86":{"start":{"line":146,"column":4},"end":{"line":146,"column":76}},"87":{"start":{"line":150,"column":17},"end":{"line":163,"column":1}},"88":{"start":{"line":151,"column":2},"end":{"line":162,"column":3}},"89":{"start":{"line":152,"column":17},"end":{"line":152,"column":95}},"90":{"start":{"line":153,"column":4},"end":{"line":153,"column":69}},"91":{"start":{"line":153,"column":15},"end":{"line":153,"column":69}},"92":{"start":{"line":154,"column":4},"end":{"line":154,"column":93}},"93":{"start":{"line":154,"column":36},"end":{"line":154,"column":93}},"94":{"start":{"line":155,"column":20},"end":{"line":158,"column":6}},"95":{"start":{"line":159,"column":4},"end":{"line":159,"column":22}},"96":{"start":{"line":161,"column":4},"end":{"line":161,"column":76}},"97":{"start":{"line":165,"column":0},"end":{"line":165,"column":93}}},"fnMap":{"0":{"name":"(anonymous_0)","decl":{"start":{"line":14,"column":24},"end":{"line":14,"column":25}},"loc":{"start":{"line":14,"column":40},"end":{"line":24,"column":1}},"line":14},"1":{"name":"(anonymous_1)","decl":{"start":{"line":26,"column":17},"end":{"line":26,"column":18}},"loc":{"start":{"line":26,"column":37},"end":{"line":35,"column":1}},"line":26},"2":{"name":"(anonymous_2)","decl":{"start":{"line":37,"column":19},"end":{"line":37,"column":20}},"loc":{"start":{"line":37,"column":39},"end":{"line":49,"column":1}},"line":37},"3":{"name":"(anonymous_3)","decl":{"start":{"line":51,"column":19},"end":{"line":51,"column":20}},"loc":{"start":{"line":51,"column":39},"end":{"line":94,"column":1}},"line":51},"4":{"name":"(anonymous_4)","decl":{"start":{"line":73,"column":24},"end":{"line":73,"column":25}},"loc":{"start":{"line":73,"column":32},"end":{"line":78,"column":12}},"line":73},"5":{"name":"(anonymous_5)","decl":{"start":{"line":73,"column":44},"end":{"line":73,"column":45}},"loc":{"start":{"line":73,"column":65},"end":{"line":78,"column":11}},"line":73},"6":{"name":"(anonymous_6)","decl":{"start":{"line":76,"column":14},"end":{"line":76,"column":15}},"loc":{"start":{"line":76,"column":31},"end":{"line":76,"column":78}},"line":76},"7":{"name":"(anonymous_7)","decl":{"start":{"line":81,"column":28},"end":{"line":81,"column":29}},"loc":{"start":{"line":81,"column":34},"end":{"line":81,"column":72}},"line":81},"8":{"name":"(anonymous_8)","decl":{"start":{"line":96,"column":19},"end":{"line":96,"column":20}},"loc":{"start":{"line":96,"column":39},"end":{"line":108,"column":1}},"line":96},"9":{"name":"(anonymous_9)","decl":{"start":{"line":110,"column":16},"end":{"line":110,"column":17}},"loc":{"start":{"line":110,"column":36},"end":{"line":148,"column":1}},"line":110},"10":{"name":"(anonymous_10)","decl":{"start":{"line":150,"column":17},"end":{"line":150,"column":18}},"loc":{"start":{"line":150,"column":37},"end":{"line":163,"column":1}},"line":150}},"branchMap":{"0":{"loc":{"start":{"line":54,"column":4},"end":{"line":54,"column":95}},"type":"if","locations":[{"start":{"line":54,"column":4},"end":{"line":54,"column":95}},{"start":{},"end":{}}],"line":54},"1":{"loc":{"start":{"line":54,"column":8},"end":{"line":54,"column":24}},"type":"binary-expr","locations":[{"start":{"line":54,"column":8},"end":{"line":54,"column":14}},{"start":{"line":54,"column":18},"end":{"line":54,"column":24}}],"line":54},"2":{"loc":{"start":{"line":57,"column":4},"end":{"line":57,"column":74}},"type":"if","locations":[{"start":{"line":57,"column":4},"end":{"line":57,"column":74}},{"start":{},"end":{}}],"line":57},"3":{"loc":{"start":{"line":62,"column":21},"end":{"line":62,"column":40}},"type":"binary-expr","locations":[{"start":{"line":62,"column":21},"end":{"line":62,"column":32}},{"start":{"line":62,"column":36},"end":{"line":62,"column":40}}],"line":62},"4":{"loc":{"start":{"line":64,"column":18},"end":{"line":64,"column":37}},"type":"binary-expr","locations":[{"start":{"line":64,"column":18},"end":{"line":64,"column":26}},{"start":{"line":64,"column":30},"end":{"line":64,"column":37}}],"line":64},"5":{"loc":{"start":{"line":65,"column":19},"end":{"line":65,"column":36}},"type":"binary-expr","locations":[{"start":{"line":65,"column":19},"end":{"line":65,"column":28}},{"start":{"line":65,"column":32},"end":{"line":65,"column":36}}],"line":65},"6":{"loc":{"start":{"line":70,"column":4},"end":{"line":86,"column":5}},"type":"if","locations":[{"start":{"line":70,"column":4},"end":{"line":86,"column":5}},{"start":{},"end":{}}],"line":70},"7":{"loc":{"start":{"line":70,"column":8},"end":{"line":70,"column":41}},"type":"binary-expr","locations":[{"start":{"line":70,"column":8},"end":{"line":70,"column":17}},{"start":{"line":70,"column":21},"end":{"line":70,"column":41}}],"line":70},"8":{"loc":{"start":{"line":76,"column":33},"end":{"line":76,"column":76}},"type":"if","locations":[{"start":{"line":76,"column":33},"end":{"line":76,"column":76}},{"start":{"line":76,"column":60},"end":{"line":76,"column":76}}],"line":76},"9":{"loc":{"start":{"line":99,"column":4},"end":{"line":99,"column":69}},"type":"if","locations":[{"start":{"line":99,"column":4},"end":{"line":99,"column":69}},{"start":{},"end":{}}],"line":99},"10":{"loc":{"start":{"line":100,"column":4},"end":{"line":100,"column":93}},"type":"if","locations":[{"start":{"line":100,"column":4},"end":{"line":100,"column":93}},{"start":{},"end":{}}],"line":100},"11":{"loc":{"start":{"line":114,"column":4},"end":{"line":114,"column":74}},"type":"if","locations":[{"start":{"line":114,"column":4},"end":{"line":114,"column":74}},{"start":{},"end":{}}],"line":114},"12":{"loc":{"start":{"line":115,"column":4},"end":{"line":115,"column":105}},"type":"if","locations":[{"start":{"line":115,"column":4},"end":{"line":115,"column":105}},{"start":{},"end":{}}],"line":115},"13":{"loc":{"start":{"line":116,"column":4},"end":{"line":116,"column":94}},"type":"if","locations":[{"start":{"line":116,"column":4},"end":{"line":116,"column":94}},{"start":{},"end":{}}],"line":116},"14":{"loc":{"start":{"line":153,"column":4},"end":{"line":153,"column":69}},"type":"if","locations":[{"start":{"line":153,"column":4},"end":{"line":153,"column":69}},{"start":{},"end":{}}],"line":153},"15":{"loc":{"start":{"line":154,"column":4},"end":{"line":154,"column":93}},"type":"if","locations":[{"start":{"line":154,"column":4},"end":{"line":154,"column":93}},{"start":{},"end":{}}],"line":154}},"s":{"0":5,"1":5,"2":5,"3":5,"4":5,"5":5,"6":5,"7":0,"8":0,"9":0,"10":0,"11":0,"12":0,"13":5,"14":0,"15":0,"16":0,"17":0,"18":0,"19":0,"20":5,"21":0,"22":0,"23":0,"24":0,"25":0,"26":0,"27":5,"28":0,"29":0,"30":0,"31":0,"32":0,"33":0,"34":0,"35":0,"36":0,"37":0,"38":0,"39":0,"40":0,"41":0,"42":0,"43":0,"44":0,"45":0,"46":0,"47":0,"48":0,"49":0,"50":0,"51":5,"52":0,"53":0,"54":0,"55":0,"56":0,"57":0,"58":0,"59":0,"60":0,"61":0,"62":0,"63":0,"64":0,"65":5,"66":0,"67":0,"68":0,"69":0,"70":0,"71":0,"72":0,"73":0,"74":0,"75":0,"76":0,"77":0,"78":0,"79":0,"80":0,"81":0,"82":0,"83":0,"84":0,"85":0,"86":0,"87":5,"88":0,"89":0,"90":0,"91":0,"92":0,"93":0,"94":0,"95":0,"96":0,"97":5},"f":{"0":0,"1":0,"2":0,"3":0,"4":0,"5":0,"6":0,"7":0,"8":0,"9":0,"10":0},"b":{"0":[0,0],"1":[0,0],"2":[0,0],"3":[0,0],"4":[0,0],"5":[0,0],"6":[0,0],"7":[0,0],"8":[0,0],"9":[0,0],"10":[0,0],"11":[0,0],"12":[0,0],"13":[0,0],"14":[0,0],"15":[0,0]},"_coverageSchema":"1a1c01bbd47fc00a2c39e90264f33305004495a9","hash":"ff981040581db5530688920815013f1baf184ce3"}
,"C:\\Users\\SpeedyNet IT\\Desktop\\IIUC MentorBridge v2\\backend\\src\\controllers\\messageController.js": {"path":"C:\\Users\\SpeedyNet IT\\Desktop\\IIUC MentorBridge v2\\backend\\src\\controllers\\messageController.js","statementMap":{"0":{"start":{"line":1,"column":15},"end":{"line":1,"column":41}},"1":{"start":{"line":2,"column":19},"end":{"line":2,"column":43}},"2":{"start":{"line":3,"column":15},"end":{"line":3,"column":32}},"3":{"start":{"line":5,"column":0},"end":{"line":9,"column":3}},"4":{"start":{"line":11,"column":16},"end":{"line":11,"column":38}},"5":{"start":{"line":12,"column":15},"end":{"line":15,"column":2}},"6":{"start":{"line":17,"column":20},"end":{"line":56,"column":1}},"7":{"start":{"line":18,"column":2},"end":{"line":55,"column":3}},"8":{"start":{"line":19,"column":36},"end":{"line":19,"column":44}},"9":{"start":{"line":20,"column":18},"end":{"line":20,"column":22}},"10":{"start":{"line":21,"column":19},"end":{"line":21,"column":23}},"11":{"start":{"line":23,"column":4},"end":{"line":36,"column":5}},"12":{"start":{"line":24,"column":22},"end":{"line":24,"column":60}},"13":{"start":{"line":25,"column":20},"end":{"line":25,"column":59}},"14":{"start":{"line":26,"column":27},"end":{"line":26,"column":70}},"15":{"start":{"line":27,"column":21},"end":{"line":27,"column":95}},"16":{"start":{"line":28,"column":21},"end":{"line":33,"column":8}},"17":{"start":{"line":29,"column":8},"end":{"line":32,"column":31}},"18":{"start":{"line":31,"column":31},"end":{"line":31,"column":78}},"19":{"start":{"line":31,"column":42},"end":{"line":31,"column":56}},"20":{"start":{"line":31,"column":62},"end":{"line":31,"column":78}},"21":{"start":{"line":34,"column":6},"end":{"line":34,"column":34}},"22":{"start":{"line":35,"column":6},"end":{"line":35,"column":92}},"23":{"start":{"line":38,"column":4},"end":{"line":38,"column":99}},"24":{"start":{"line":38,"column":30},"end":{"line":38,"column":99}},"25":{"start":{"line":40,"column":20},"end":{"line":51,"column":6}},"26":{"start":{"line":52,"column":4},"end":{"line":52,"column":34}},"27":{"start":{"line":54,"column":4},"end":{"line":54,"column":76}},"28":{"start":{"line":59,"column":26},"end":{"line":82,"column":1}},"29":{"start":{"line":60,"column":2},"end":{"line":81,"column":3}},"30":{"start":{"line":61,"column":36},"end":{"line":61,"column":44}},"31":{"start":{"line":62,"column":4},"end":{"line":62,"column":87}},"32":{"start":{"line":62,"column":26},"end":{"line":62,"column":87}},"33":{"start":{"line":64,"column":21},"end":{"line":64,"column":124}},"34":{"start":{"line":65,"column":4},"end":{"line":65,"column":78}},"35":{"start":{"line":65,"column":19},"end":{"line":65,"column":78}},"36":{"start":{"line":67,"column":20},"end":{"line":77,"column":6}},"37":{"start":{"line":78,"column":4},"end":{"line":78,"column":34}},"38":{"start":{"line":80,"column":4},"end":{"line":80,"column":76}},"39":{"start":{"line":84,"column":24},"end":{"line":110,"column":1}},"40":{"start":{"line":85,"column":2},"end":{"line":109,"column":3}},"41":{"start":{"line":86,"column":23},"end":{"line":86,"column":33}},"42":{"start":{"line":87,"column":21},"end":{"line":99,"column":6}},"43":{"start":{"line":101,"column":4},"end":{"line":104,"column":7}},"44":{"start":{"line":106,"column":4},"end":{"line":106,"column":23}},"45":{"start":{"line":108,"column":4},"end":{"line":108,"column":76}},"46":{"start":{"line":112,"column":28},"end":{"line":144,"column":1}},"47":{"start":{"line":113,"column":2},"end":{"line":143,"column":3}},"48":{"start":{"line":114,"column":21},"end":{"line":123,"column":6}},"49":{"start":{"line":125,"column":26},"end":{"line":125,"column":35}},"50":{"start":{"line":126,"column":4},"end":{"line":138,"column":7}},"51":{"start":{"line":127,"column":22},"end":{"line":127,"column":81}},"52":{"start":{"line":128,"column":24},"end":{"line":128,"column":79}},"53":{"start":{"line":129,"column":6},"end":{"line":137,"column":7}},"54":{"start":{"line":130,"column":8},"end":{"line":134,"column":11}},"55":{"start":{"line":136,"column":8},"end":{"line":136,"column":92}},"56":{"start":{"line":136,"column":56},"end":{"line":136,"column":92}},"57":{"start":{"line":140,"column":4},"end":{"line":140,"column":49}},"58":{"start":{"line":142,"column":4},"end":{"line":142,"column":76}},"59":{"start":{"line":146,"column":23},"end":{"line":153,"column":1}},"60":{"start":{"line":147,"column":2},"end":{"line":152,"column":3}},"61":{"start":{"line":148,"column":18},"end":{"line":148,"column":96}},"62":{"start":{"line":149,"column":4},"end":{"line":149,"column":24}},"63":{"start":{"line":151,"column":4},"end":{"line":151,"column":76}},"64":{"start":{"line":155,"column":0},"end":{"line":155,"column":114}}},"fnMap":{"0":{"name":"(anonymous_0)","decl":{"start":{"line":17,"column":20},"end":{"line":17,"column":21}},"loc":{"start":{"line":17,"column":40},"end":{"line":56,"column":1}},"line":17},"1":{"name":"(anonymous_1)","decl":{"start":{"line":28,"column":39},"end":{"line":28,"column":40}},"loc":{"start":{"line":28,"column":60},"end":{"line":33,"column":7}},"line":28},"2":{"name":"(anonymous_2)","decl":{"start":{"line":31,"column":10},"end":{"line":31,"column":11}},"loc":{"start":{"line":31,"column":29},"end":{"line":31,"column":80}},"line":31},"3":{"name":"(anonymous_3)","decl":{"start":{"line":59,"column":26},"end":{"line":59,"column":27}},"loc":{"start":{"line":59,"column":46},"end":{"line":82,"column":
[...]
:230,"column":3}},"99":{"start":{"line":212,"column":21},"end":{"line":226,"column":6}},"100":{"start":{"line":227,"column":4},"end":{"line":227,"column":23}},"101":{"start":{"line":229,"column":4},"end":{"line":229,"column":76}},"102":{"start":{"line":234,"column":0},"end":{"line":297,"column":3}},"103":{"start":{"line":235,"column":2},"end":{"line":296,"column":3}},"104":{"start":{"line":236,"column":34},"end":{"line":236,"column":42}},"105":{"start":{"line":237,"column":4},"end":{"line":237,"column":87}},"106":{"start":{"line":237,"column":26},"end":{"line":237,"column":87}},"107":{"start":{"line":239,"column":19},"end":{"line":239,"column":42}},"108":{"start":{"line":241,"column":20},"end":{"line":253,"column":6}},"109":{"start":{"line":256,"column":17},"end":{"line":259,"column":6}},"110":{"start":{"line":261,"column":4},"end":{"line":271,"column":5}},"111":{"start":{"line":262,"column":24},"end":{"line":264,"column":8}},"112":{"start":{"line":265,"column":6},"end":{"line":270,"column":9}},"113":{"start":{"line":274,"column":4},"end":{"line":290,"column":5}},"114":{"start":{"line":275,"column":28},"end":{"line":278,"column":8}},"115":{"start":{"line":279,"column":6},"end":{"line":289,"column":7}},"116":{"start":{"line":280,"column":24},"end":{"line":282,"column":10}},"117":{"start":{"line":283,"column":8},"end":{"line":288,"column":11}},"118":{"start":{"line":292,"column":4},"end":{"line":292,"column":34}},"119":{"start":{"line":294,"column":4},"end":{"line":294,"column":55}},"120":{"start":{"line":295,"column":4},"end":{"line":295,"column":76}},"121":{"start":{"line":300,"column":0},"end":{"line":347,"column":3}},"122":{"start":{"line":301,"column":2},"end":{"line":346,"column":3}},"123":{"start":{"line":302,"column":22},"end":{"line":302,"column":30}},"124":{"start":{"line":303,"column":22},"end":{"line":303,"column":52}},"125":{"start":{"line":305,"column":21},"end":{"line":307,"column":6}},"126":{"start":{"line":309,"column":4},"end":{"line":319,"column":5}},"127":{"start":{"line":310,"column":6},"end":{"line":313,"column":7}},"128":{"start":{"line":311,"column":8},"end":{"line":311,"column":76}},"129":{"start":{"line":312,"column":8},"end":{"line":312,"column":50}},"130":{"start":{"line":314,"column":22},"end":{"line":317,"column":8}},"131":{"start":{"line":318,"column":6},"end":{"line":318,"column":61}},"132":{"start":{"line":321,"column":21},"end":{"line":323,"column":6}},"133":{"start":{"line":326,"column":20},"end":{"line":329,"column":6}},"134":{"start":{"line":330,"column":4},"end":{"line":340,"column":5}},"135":{"start":{"line":331,"column":22},"end":{"line":333,"column":8}},"136":{"start":{"line":334,"column":6},"end":{"line":339,"column":9}},"137":{"start":{"line":342,"column":4},"end":{"line":342,"column":43}},"138":{"start":{"line":344,"column":4},"end":{"line":344,"column":49}},"139":{"start":{"line":345,"column":4},"end":{"line":345,"column":76}},"140":{"start":{"line":349,"column":0},"end":{"line":349,"column":24}}},"fnMap":{"0":{"name":"(anonymous_0)","decl":{"start":{"line":17,"column":27},"end":{"line":17,"column":28}},"loc":{"start":{"line":17,"column":47},"end":{"line":22,"column":2}},"line":17},"1":{"name":"(anonymous_1)","decl":{"start":{"line":17,"column":59},"end":{"line":17,"column":60}},"loc":{"start":{"line":17,"column":80},"end":{"line":22,"column":1}},"line":17},"2":{"name":"(anonymous_2)","decl":{"start":{"line":20,"column":4},"end":{"line":20,"column":5}},"loc":{"start":{"line":20,"column":23},"end":{"line":20,"column":74}},"line":20},"3":{"name":"(anonymous_3)","decl":{"start":{"line":25,"column":20},"end":{"line":25,"column":21}},"loc":{"start":{"line":25,"column":36},"end":{"line":32,"column":1}},"line":25},"4":{"name":"(anonymous_4)","decl":{"start":{"line":35,"column":32},"end":{"line":35,"column":33}},"loc":{"start":{"line":35,"column":52},"end":{"line":51,"column":1}},"line":35},"5":{"name":"(anonymous_5)","decl":{"start":{"line":54,"column":60},"end":{"line":54,"column":61}},"loc":{"start":{"line":54,"column":80},"end":{"line":97,"column":1}},"line":54},"6":{"name":"(anonymous_6)","decl":{"start":{"line":72,"column":24},"end":{"line":72,"column":25}},"loc":{"start":{"line":72,"column":29},"end":{"line":72,"column":79}},"line":72},"7":{"name":"(anonymous_7)","decl":{"start":{"line":75,"column":28},"end":{"line":75,"column":29}},"loc":{"start":{"line":75,"column":34},"end":{"line":75,"column":72}},"line":75},"8":{"name":"(anonymous_8)","decl":{"start":{"line":100,"column":35},"end":{"line":100,"column":36}},"loc":{"start":{"line":100,"column":55},"end":{"line":120,"column":1}},"line":100},"9":{"name":"(anonymous_9)","decl":{"start":{"line":123,"column":38},"end":{"line":123,"column":39}},"loc":{"start":{"line":123,"column":58},"end":{"line":145,"column":1}},"line":123},"10":{"name":"(anonymous_10)","decl":{"start":{"line":148,"column":41},"end":{"line":148,"column":42}},"loc":{"start":{"line":148,"column":61},"end":{"line":182,"column":1}},"line":148},"11":{"name":"(anonymous_11)","decl":{"start":{"line":185,"column":41},"end":{"line":185,"column":42}},"loc":{"start":{"line":185,"column":61},"end":{"line":207,"column":1}},"line":185},"12":{"name":"(anonymous_12)","decl":{"start":{"line":192,"column":16},"end":{"line":192,"column":17}},"loc":{"start":{"line":192,"column":32},"end":{"line":200,"column":7}},"line":192},"13":{"name":"(anonymous_13)","decl":{"start":{"line":202,"column":35},"end":{"line":202,"column":36}},"loc":{"start":{"line":202,"column":40},"end":{"line":202,"column":46}},"line":202},"14":{"name":"(anonymous_14)","decl":{"start":{"line":210,"column":44},"end":{"line":210,"column":45}},"loc":{"start":{"line":210,"column":64},"end":{"line":231,"column":1}},"line":210},"15":{"name":"(anonymous_15)","decl":{"start":{"line":234,"column":45},"end":{"line":234,"column":46}},"loc":{"start":{"line":234,"column":65},"end":{"line":297,"column":1}},"line":234},"16":{"name":"(anonymous_16)","decl":{"start":{"line":300,"column":62},"end":{"line":300,"column":63}},"loc":{"start":{"line":300,"column":82},"end":{"line":347,"column":1}},"line":300}},"branchMap":{"0":{"loc":{"start":{"line":20,"column":25},"end":{"line":20,"column":72}},"type":"if","locations":[{"start":{"line":20,"column":25},"end":{"line":20,"column":72}},{"start":{"line":20,"column":56},"end":{"line":20,"column":72}}],"line":20},"1":{"loc":{"start":{"line":27,"column":4},"end":{"line":27,"column":46}},"type":"if","locations":[{"start":{"line":27,"column":4},"end":{"line":27,"column":46}},{"start":{},"end":{}}],"line":27},"2":{"loc":{"start":{"line":57,"column":4},"end":{"line":59,"column":5}},"type":"if","locations":[{"start":{"line":57,"column":4},"end":{"line":59,"column":5}},{"start":{},"end":{}}],"line":57},"3":{"loc":{"start":{"line":57,"column":8},"end":{"line":57,"column":58}},"type":"binary-expr","locations":[{"start":{"line":57,"column":8},"end":{"line":57,"column":16}},{"start":{"line":57,"column":21},"end":{"line":57,"column":31}},{"start":{"line":57,"column":35},"end":{"line":57,"column":57}}],"line":57},"4":{"loc":{"start":{"line":63,"column":17},"end":{"line":63,"column":32}},"type":"binary-expr","locations":[{"start":{"line":63,"column":17},"end":{"line":63,"column":24}},{"start":{"line":63,"column":28},"end":{"line":63,"column":32}}],"line":63},"5":{"loc":{"start":{"line":64,"column":14},"end":{"line":64,"column":31}},"type":"binary-expr","locations":[{"start":{"line":64,"column":14},"end":{"line":64,"column":18}},{"start":{"line":64,"column":22},"end":{"line":64,"column":31}}],"line":64},"6":{"loc":{"start":{"line":69,"column":4},"end":{"line":80,"column":5}},"type":"if","locations":[{"start":{"line":69,"column":4},"end":{"line":80,"column":5}},{"start":{},"end":{}}],"line":69},"7":{"loc":{"start":{"line":69,"column":8},"end":{"line":69,"column":41}},"type":"binary-expr","locations":[{"start":{"line":69,"column":8},"end":{"line":69,"column":17}},{"start":{"line":69,"column":21},"end":{"line":69,"column":41}}],"line":69},"8":{"loc":{"start":{"line":104,"column":4},"end":{"line":104,"column":74}},"type":"if","locations":[{"start":{"line":104,"column":4},"end":{"line":104,"column":74}},{"start":{},"end":{}}],"line":104},"9":{"loc":{"start":{"line":105,"column":4},"end":{"line":105,"column":93}},"type":"if","locations":[{"start":{"line":105,"column":4},"end":{"line":105,"column":93}},{"start":{},"end":{}}],"line":105},"10":{"loc":{"start":{"line":126,"column":4},"end":{"line":126,"column":74}},"type":"if","locations":[{"start":{"line":126,"column":4},"end":{"line":126,"column":74}},{"start":{},"end":{}}],"line":126},"11":{"loc":{"start":{"line":127,"column":4},"end":{"line":127,"column":93}},"type":"if","locations":[{"start":{"line":127,"column":4},"end":{"line":127,"column":93}},{"start":{},"end":{}}],"line":127},"12":{"loc":{"start":{"line":153,"column":4},"end":{"line":174,"column":5}},"type":"if","locations":[{"start":{"line":153,"column":4},"end":{"line":174,"column":5}},{"start":{"line":155,"column":11},"end":{"line":174,"column":5}}],"line":153},"13":{"loc":{"start":{"line":163,"column":6},"end":{"line":173,"column":7}},"type":"if","locations":[{"start":{"line":163,"column":6},"end":{"line":173,"column":7}},{"start":{},"end":{}}],"line":163},"14":{"loc":{"start":{"line":163,"column":10},"end":{"line":163,"column":44}},"type":"binary-expr","locations":[{"start":{"line":163,"column":10},"end":{"line":163,"column":14}},{"start":{"line":163,"column":18},"end":{"line":163,"column":44}}],"line":163},"15":{"loc":{"start":{"line":171,"column":55},"end":{"line":171,"column":92}},"type":"binary-expr","locations":[{"start":{"line":171,"column":55},"end":{"line":171,"column":81}},{"start":{"line":171,"column":85},"end":{"line":171,"column":92}}],"line":171},"16":{"loc":{"start":{"line":237,"column":4},"end":{"line":237,"column":87}},"type":"if","locations":[{"start":{"line":237,"column":4},"end":{"line":237,"column":87}},{"start":{},"end":{}}],"line":237},"17":{"loc":{"start":{"line":246,"column":18},"end":{"line":246,"column":54}},"type":"cond-expr","locations":[{"start":{"line":246,"column":29},"end":{"line":246,"column":47}},{"start":{"line":246,"column":50},"end":{"line":246,"column":54}}],"line":246},"18":{"loc":{"start":{"line":261,"column":4},"end":{"line":271,"column":5}},"type":"if","locations":[{"start":{"line":261,"column":4},"end":{"line":271,"column":5}},{"start":{},"end":{}}],"line":261},"19":{"loc":{"start":{"line":261,"column":8},"end":{"line":261,"column":42}},"type":"binary-expr","locations":[{"start":{"line":261,"column":8},"end":{"line":261,"column":12}},{"start":{"line":261,"column":16},"end":{"line":261,"column":42}}],"line":261},"20":{"loc":{"start":{"line":274,"column":4},"end":{"line":290,"column":5}},"type":"if","locations":[{"start":{"line":274,"column":4},"end":{"line":290,"column":5}},{"start":{},"end":{}}],"line":274},"21":{"loc":{"start":{"line":279,"column":6},"end":{"line":289,"column":7}},"type":"if","locations":[{"start":{"line":279,"column":6},"end":{"line":289,"column":7}},{"start":{},"end":{}}],"line":279},"22":{"loc":{"start":{"line":279,"column":10},"end":{"line":279,"column":62}},"type":"binary-expr","locations":[{"start":{"line":279,"column":10},"end":{"line":279,"column":23}},{"start":{"line":279,"column":27},"end":{"line":279,"column":62}}],"line":279},"23":{"loc":{"start":{"line":309,"column":4},"end":{"line":319,"column":5}},"type":"if","locations":[{"start":{"line":309,"column":4},"end":{"line":319,"column":5}},{"start":{},"end":{}}],"line":309},"24":{"loc":{"start":{"line":310,"column":6},"end":{"line":313,"column":7}},"type":"if","locations":[{"start":{"line":310,"column":6},"end":{"line":313,"column":7}},{"start":{},"end":{}}],"line":310},"25":{"loc":{"start":{"line":330,"column":4},"end":{"line":340,"column":5}},"type":"if","locations":[{"start":{"line":330,"column":4},"end":{"line":340,"column":5}},{"start":{},"end":{}}],"line":330},"26":{"loc":{"start":{"line":330,"column":8},"end":{"line":330,"column":48}},"type":"binary-expr","locations":[{"start":{"line":330,"column":8},"end":{"line":330,"column":15}},{"start":{"line":330,"column":19},"end":{"line":330,"column":48}}],"line":330}},"s":{"0":5,"1":5,"2":5,"3":5,"4":5,"5":5,"6":5,"7":5,"8":5,"9":5,"10":0,"11":0,"12":0,"13":0,"14":0,"15":5,"16":4,"17":4,"18":0,"19":4,"20":0,"21":5,"22":1,"23":1,"24":1,"25":0,"26":0,"27":5,"28":0,"29":0,"30":0,"31":0,"32":0,"33":0,"34":0,"35":0,"36":0,"37":0,"38":0,"39":0,"40":0,"41":0,"42":0,"43":0,"44":5,"45":1,"46":1,"47":1,"48":1,"49":0,"50":1,"51":0,"52":1,"53":1,"54":0,"55":5,"56":2,"57":2,"58":2,"59":0,"60":2,"61":1,"62":1,"63":1,"64":1,"65":1,"66":1,"67":1,"68":1,"69":0,"70":5,"71":3,"72":3,"73":3,"74":3,"75":1,"76":2,"77":2,"78":2,"79":2,"80":2,"81":3,"82":3,"83":0,"84":0,"85":5,"86":0,"87":0,"88":0,"89":0,"90":0,"91":0,"92":0,"93":0,"94":0,"95":0,"96":0,"97":5,"98":0,"99":0,"100":0,"101":0,"102":5,"103":2,"104":2,"105":2,"106":0,"107":2,"108":2,"109":2,"110":2,"111":2,"112":2,"113":2,"114":0,"115":0,"116":0,"117":0,"118":2,"119":0,"120":0,"121":5,"122":0,"123":0,"124":0,"125":0,"126":0,"127":0,"128":0,"129":0,"130":0,"131":0,"132":0,"133":0,"134":0,"135":0,"136":0,"137":0,"138":0,"139":0,"140":5},"f":{"0":0,"1":0,"2":0,"3":4,"4":1,"5":0,"6":0,"7":0,"8":1,"9":2,"10":3,"11":0,"12":0,"13":0,"14":0,"15":2,"16":0},"b":{"0":[0,0],"1":[0,4],"2":[0,0],"3":[0,0,0],"4":[0,0],"5":[0,0],"6":[0,0],"7":[0,0],"8":[0,1],"9":[0,1],"10":[0,2],"11":[1,1],"12":[1,2],"13":[2,0],"14":[2,2],"15":[2,0],"16":[0,2],"17":[0,2],"18":[2,0],"19":[2,2],"20":[0,2],"21":[0,0],"22":[0,0],"23":[0,0],"24":[0,0],"25":[0,0],"26":[0,0]},"_coverageSchema":"1a1c01bbd47fc00a2c39e90264f33305004495a9","hash":"e9bbd8ca39573a6da3c74b554349cc5e8503c149"}
,"C:\\Users\\SpeedyNet IT\\Desktop\\IIUC MentorBridge v2\\backend\\src\\routes\\resourceRoutes.js": {"path":"C:\\Users\\SpeedyNet IT\\Desktop\\IIUC MentorBridge v2\\backend\\src\\routes\\resourceRoutes.js","statementMap":{"0":{"start":{"line":1,"column":16},"end":{"line":1,"column":34}},"1":{"start":{"line":2,"column":15},"end":{"line":2,"column":31}},"2":{"start":{"line":3,"column":15},"end":{"line":3,"column":41}},"3":{"start":{"line":4,"column":23},"end":{"line":4,"column":62}},"4":{"start":{"line":9,"column":4},"end":{"line":9,"column":48}},"5":{"start":{"line":11,"column":0},"end":{"line":11,"column":59}},"6":{"start":{"line":12,"column":0},"end":{"line":12,"column":51}},"7":{"start":{"line":13,"column":0},"end":{"line":13,"column":54}},"8":{"start":{"line":14,"column":0},"end":{"line":14,"column":55}},"9":{"start":{"line":15,"column":0},"end":{"line":15,"column":46}},"10":{"start":{"line":16,"column":0},"end":{"line":16,"column":78}},"11":{"start":{"line":17,"column":0},"end":{"line":17,"column":55}},"12":{"start":{"line":18,"column":0},"end":{"line":18,"column":54}},"13":{"start":{"line":21,"column":0},"end":{"line":39,"column":3}},"14":{"start":{"line":22,"column":2},"end":{"line":38,"column":3}},"15":{"start":{"line":23,"column":24},"end":{"line":27,"column":5}},"16":{"start":{"line":28,"column":4},"end":{"line":34,"column":5}},"17":{"start":{"line":29,"column":6},"end":{"line":33,"column":9}},"18":{"start":{"line":35,"column":4},"end":{"line":35,"column":78}},"19":{"start":{"line":37,"column":4},"end":{"line":37,"column":53}},"20":{"start":{"line":41,"column":0},"end":{"line":41,"column":24}}},"fnMap":{"0":{"name":"(anonymous_0)","decl":{"start":{"line":21,"column":49},"end":{"line":21,"column":50}},"loc":{"start":{"line":21,"column":69},"end":{"line":39,"column":1}},"line":21}},"branchMap":{},"s":{"0":5,"1":5,"2":5,"3":5,"4":5,"5":5,"6":5,"7":5,"8":5,"9":5,"10":5,"11":5,"12":5,"13":5,"14":0,"15":0,"16":0,"17":0,"18":0,"19":0,"20":5},"f":{"0":0},"b":{},"_coverageSchema":"1a1c01bbd47fc00a2c39e90264f33305004495a9","hash":"894e1be5df0eda4c4d5bbcf11f34793e3e2dad33"}
,"C:\\Users\\SpeedyNet IT\\Desktop\\IIUC MentorBridge v2\\backend\\src\\routes\\userRoutes.js": {"path":"C:\\Users\\SpeedyNet IT\\Desktop\\IIUC MentorBridge v2\\backend\\src\\routes\\userRoutes.js","statementMap":{"0":{"start":{"line":1,"column":16},"end":{"line":1,"column":34}},"1":{"start":{"line":2,"column":15},"end":{"line":2,"column":31}},"2":{"start":{"line":3,"column":94},"end":{"line":3,"column":134}},"3":{"start":{"line":4,"column":23},"end":{"line":4,"column":62}},"4":{"start":{"line":6,"column":0},"end":{"line":6,"column":45}},"5":{"start":{"line":7,"column":0},"end":{"line":7,"column":48}},"6":{"start":{"line":8,"column":0},"end":{"line":8,"column":54}},"7":{"start":{"line":9,"column":0},"end":{"line":9,"column":84}},"8":{"start":{"line":10,"column":0},"end":{"line":10,"column":55}},"9":{"start":{"line":12,"column":0},"end":{"line":12,"column":24}}},"fnMap":{},"branchMap":{},"s":{"0":5,"1":5,"2":5,"3":5,"4":5,"5":5,"6":5,"7":5,"8":5,"9":5},"f":{},"b":{},"_coverageSchema":"1a1c01bbd47fc00a2c39e90264f33305004495a9","hash":"bb8e52e88319e9e1e882ec410fe066eebeb3cc09"}
,"C:\\Users\\SpeedyNet IT\\Desktop\\IIUC MentorBridge v2\\backend\\tests\\setup.js": {"path":"C:\\Users\\SpeedyNet IT\\Desktop\\IIUC MentorBridge v2\\backend\\tests\\setup.js","statementMap":{"0":{"start":{"line":1,"column":15},"end":{"line":1,"column":45}},"1":{"start":{"line":4,"column":2},"end":{"line":4,"column":61}},"2":{"start":{"line":4,"column":8},"end":{"line":4,"column":47}},"3":{"start":{"line":5,"column":2},"end":{"line":5,"column":59}},"4":{"start":{"line":5,"column":8},"end":{"line":5,"column":45}},"5":{"start":{"line":6,"column":2},"end":{"line":6,"column":59}},"6":{"start":{"line":6,"column":8},"end":{"line":6,"column":45}},"7":{"start":{"line":7,"column":2},"end":{"line":7,"column":64}},"8":{"start":{"line":7,"column":8},"end":{"line":7,"column":50}},"9":{"start":{"line":8,"column":2},"end":{"line":8,"column":59}},"10":{"start":{"line":8,"column":8},"end":{"line":8,"column":45}},"11":{"start":{"line":9,"column":2},"end":{"line":9,"column":57}},"12":{"start":{"line":9,"column":8},"end":{"line":9,"column":43}},"13":{"start":{"line":10,"column":2},"end":{"line":10,"column":61}},"14":{"start":{"line":10,"column":8},"end":{"line":10,"column":47}},"15":{"start":{"line":11,"column":2},"end":{"line":11,"column":56}},"16":{"start":{"line":11,"column":8},"end":{"line":11,"column":42}},"17":{"start":{"line":12,"column":2},"end":{"line":12,"column":64}},"18":{"start":{"line":12,"column":8},"end":{"line":12,"column":50}},"19":{"start":{"line":13,"column":2},"end":{"line":13,"column":56}},"20":{"start":{"line":13,"column":8},"end":{"line":13,"column":42}},"21":{"start":{"line":14,"column":2},"end":{"line":14,"column":53}},"22":{"start":{"line":14,"column":8},"end":{"line":14,"column":39}},"23":{"start":{"line":15,"column":2},"end":{"line":15,"column":58}},"24":{"start":{"line":15,"column":8},"end":{"line":15,"column":44}},"25":{"start":{"line":16,"column":2},"end":{"line":16,"column":53}},"26":{"start":{"line":16,"column":8},"end":{"line":16,"column":39}},"27":{"start":{"line":17,"column":2},"end":{"line":17,"column":59}},"28":{"start":{"line":17,"column":8},"end":{"line":17,"column":45}},"29":{"start":{"line":18,"column":2},"end":{"line":18,"column":68}},"30":{"start":{"line":18,"column":8},"end":{"line":18,"column":54}},"31":{"start":{"line":19,"column":2},"end":{"line":19,"column":53}},"32":{"start":{"line":19,"column":8},"end":{"line":19,"column":39}},"33":{"start":{"line":22,"column":0},"end":{"line":22,"column":29}}},"fnMap":{"0":{"name":"cleanDB","decl":{"start":{"line":3,"column":15},"end":{"line":3,"column":22}},"loc":{"start":{"line":3,"column":25},"end":{"line":20,"column":1}},"line":3}},"branchMap":{},"s":{"0":5,"1":56,"2":56,"3":56,"4":56,"5":56,"6":56,"7":56,"8":56,"9":56,"10":56,"11":56,"12":56,"13":56,"14":56,"15":56,"16":56,"17":56,"18":56,"19":56,"20":56,"21":56,"22":56,"23":56,"24":56,"25":56,"26":56,"27":56,"28":56,"29":56,"30":56,"31":56,"32":56,"33":5},"f":{"0":56},"b":{},"_coverageSchema":"1a1c01bbd47fc00a2c39e90264f33305004495a9","hash":"46f049abf8c882ac95d85201080d9771a2d8b443"}
}
