TN:
SF:src\app.js
FN:38,(anonymous_0)
FN:42,(anonymous_1)
FNF:2
FNH:0
FNDA:0,(anonymous_0)
FNDA:0,(anonymous_1)
DA:1,5
DA:2,5
DA:3,5
DA:5,5
DA:6,5
DA:7,5
DA:8,5
DA:9,5
DA:10,5
DA:11,5
DA:12,5
DA:13,5
DA:14,5
DA:15,5
DA:18,5
DA:20,5
DA:21,5
DA:22,5
DA:23,5
DA:25,5
DA:26,5
DA:27,5
DA:28,5
DA:29,5
DA:30,5
DA:31,5
DA:32,5
DA:33,5
DA:34,5
DA:35,5
DA:38,5
DA:39,0
DA:42,5
DA:43,0
DA:45,0
DA:51,0
DA:53,0
DA:57,5
LF:38
LH:33
BRF:0
BRH:0
end_of_record
TN:
SF:src\prismaClient.js
FNF:0
FNH:0
DA:1,5
DA:3,5
DA:11,5
LF:3
LH:3
BRF:0
BRH:0
end_of_record
TN:
SF:src\controllers\authController.js
FN:25,(anonymous_0)
FN:40,(anonymous_1)
FN:43,(anonymous_2)
FN:96,(anonymous_3)
FN:183,(anonymous_4)
FN:199,(anonymous_5)
FN:285,(anonymous_6)
FN:348,(anonymous_7)
FN:407,(anonymous_8)
FN:444,(anonymous_9)
FN:464,(anonymous_10)
FNF:11
FNH:3
FNDA:0,(anonymous_0)
FNDA:0,(anonymous_1)
FNDA:0,(anonymous_2)
FNDA:4,(anonymous_3)
FNDA:0,(anonymous_4)
FNDA:4,(anonymous_5)
FNDA:4,(anonymous_6)
FNDA:0,(anonymous_7)
FNDA:0,(anonymous_8)
FNDA:0,(anonymous_9)
FNDA:0,(anonymous_10)
DA:1,5
DA:2,5
DA:3,5
DA:5,5
DA:6,5
DA:7,5
DA:8,5
DA:12,5
DA:13,5
DA:14,5
DA:15,5
DA:21,0
DA:25,0
DA:26,0
DA:27,0
DA:28,0
DA:30,0
DA:34,5
DA:37,0
DA:40,5
DA:41,0
DA:43,5
DA:44,0
DA:46,0
DA:49,0
DA:85,0
DA:96,5
DA:97,4
DA:101,4
DA:103,4
DA:104,1
DA:106,3
DA:107,1
DA:109,2
DA:110,0
DA:114,2
DA:115,2
DA:116,1
DA:122,1
DA:123,1
DA:132,0
DA:133,0
DA:134,0
DA:137,0
DA:172,0
DA:173,0
DA:174,0
DA:175,0
DA:181,0
DA:183,0
DA:184,0
DA:191,0
DA:192,0
DA:199,5
DA:200,4
DA:201,4
DA:202,4
DA:203,0
DA:207,4
DA:209,4
DA:211,1
DA:212,1
DA:213,0
DA:218,1
DA:224,3
DA:225,1
DA:229,2
DA:230,1
DA:237,1
DA:255,1
DA:257,1
DA:261,1
DA:263,1
DA:277,0
DA:278,0
DA:285,5
DA:286,4
DA:287,4
DA:288,4
DA:289,1
DA:292,3
DA:293,3
DA:295,1
DA:296,1
DA:297,0
DA:303,1
DA:306,2
DA:307,0
DA:312,2
DA:313,0
DA:316,2
DA:317,2
DA:318,1
DA:322,1
DA:326,1
DA:340,0
DA:341,0
DA:348,5
DA:349,0
DA:350,0
DA:351,0
DA:353,0
DA:354,0
DA:356,0
DA:360,0
DA:363,0
DA:365,0
DA:367,0
DA:368,0
DA:373,0
DA:374,0
DA:388,0
DA:399,0
DA:400,0
DA:407,5
DA:408,0
DA:409,0
DA:410,0
DA:412,0
DA:413,0
DA:415,0
DA:416,0
DA:421,0
DA:422,0
DA:423,0
DA:428,0
DA:429,0
DA:430,0
DA:432,0
DA:433,0
DA:436,0
DA:437,0
DA:444,5
DA:445,0
DA:446,0
DA:447,0
DA:448,0
DA:449,0
DA:450,0
DA:452,0
DA:453,0
DA:455,0
DA:457,0
DA:464,5
DA:465,0
DA:466,0
DA:467,0
DA:468,0
DA:470,0
DA:471,0
DA:472,0
DA:473,0
DA:475,0
DA:476,0
DA:478,0
DA:479,0
DA:483,0
DA:485,0
DA:489,5
LF:159
LH:67
BRDA:15,0,0,0
BRDA:15,0,1,5
BRDA:16,1,0,5
BRDA:16,1,1,0
BRDA:16,1,2,0
BRDA:16,1,3,0
BRDA:26,2,0,0
BRDA:26,2,1,0
BRDA:43,3,0,0
BRDA:44,4,0,0
BRDA:44,4,1,0
BRDA:46,5,0,0
BRDA:46,5,1,0
BRDA:58,6,0,0
BRDA:58,6,1,0
BRDA:62,7,0,0
BRDA:62,7,1,0
BRDA:103,8,0,1
BRDA:103,8,1,3
BRDA:103,9,0,4
BRDA:103,9,1,3
BRDA:103,9,2,3
BRDA:106,10,0,1
BRDA:106,10,1,2
BRDA:109,11,0,0
BRDA:109,11,1,2
BRDA:115,12,0,1
BRDA:115,12,1,1
BRDA:122,13,0,1
BRDA:122,13,1,0
BRDA:142,14,0,0
BRDA:142,14,1,0
BRDA:143,15,0,0
BRDA:143,15,1,0
BRDA:144,16,0,0
BRDA:144,16,1,0
BRDA:145,17,0,0
BRDA:145,17,1,0
BRDA:146,18,0,0
BRDA:146,18,1,0
BRDA:147,19,0,0
BRDA:147,19,1,0
BRDA:148,20,0,0
BRDA:148,20,1,0
BRDA:149,21,0,0
BRDA:149,21,1,0
BRDA:158,22,0,0
BRDA:158,22,1,0
BRDA:159,23,0,0
BRDA:159,23,1,0
BRDA:160,24,0,0
BRDA:160,24,1,0
BRDA:161,25,0,0
BRDA:161,25,1,0
BRDA:162,26,0,0
BRDA:162,26,1,0
BRDA:163,27,0,0
BRDA:163,27,1,0
BRDA:164,28,0,0
BRDA:164,28,1,0
BRDA:165,29,0,0
BRDA:165,29,1,0
BRDA:202,30,0,0
BRDA:202,30,1,4
BRDA:202,31,0,4
BRDA:202,31,1,4
BRDA:209,32,0,1
BRDA:209,32,1,3
BRDA:212,33,0,0
BRDA:212,33,1,1
BRDA:224,34,0,1
BRDA:224,34,1,2
BRDA:229,35,0,1
BRDA:229,35,1,1
BRDA:271,36,0,1
BRDA:271,36,1,1
BRDA:288,37,0,1
BRDA:288,37,1,3
BRDA:288,38,0,4
BRDA:288,38,1,4
BRDA:293,39,0,1
BRDA:293,39,1,2
BRDA:296,40,0,0
BRDA:296,40,1,1
BRDA:306,41,0,0
BRDA:306,41,1,2
BRDA:306,42,0,2
BRDA:306,42,1,0
BRDA:312,43,0,0
BRDA:312,43,1,2
BRDA:317,44,0,1
BRDA:317,44,1,1
BRDA:334,45,0,1
BRDA:334,45,1,1
BRDA:350,46,0,0
BRDA:350,46,1,0
BRDA:354,47,0,0
BRDA:354,47,1,0
BRDA:365,48,0,0
BRDA:365,48,1,0
BRDA:367,49,0,0
BRDA:367,49,1,0
BRDA:370,50,0,0
BRDA:370,50,1,0
BRDA:379,51,0,0
BRDA:379,51,1,0
BRDA:410,52,0,0
BRDA:410,52,1,0
BRDA:413,53,0,0
BRDA:413,53,1,0
BRDA:415,54,0,0
BRDA:415,54,1,0
BRDA:448,55,0,0
BRDA:448,55,1,0
BRDA:449,56,0,0
BRDA:449,56,1,0
BRDA:449,57,0,0
BRDA:449,57,1,0
BRDA:452,58,0,0
BRDA:452,58,1,0
BRDA:467,59,0,0
BRDA:467,59,1,0
BRDA:467,60,0,0
BRDA:467,60,1,0
BRDA:471,61,0,0
BRDA:471,61,1,0
BRDA:472,62,0,0
BRDA:472,62,1,0
BRDA:472,63,0,0
BRDA:472,63,1,0
BRDA:475,64,0,0
BRDA:475,64,1,0
BRF:132
BRH:39
end_of_record
TN:
SF:src\controllers\bloodController.js
FN:3,(anonymous_0)
FN:27,(anonymous_1)
FN:65,(anonymous_2)
FN:86,(anonymous_3)
FN:98,(anonymous_4)
FN:113,(anonymous_5)
FN:133,(anonymous_6)
FN:144,(anonymous_7)
FNF:8
FNH:0
FNDA:0,(anonymous_0)
FNDA:0,(anonymous_1)
FNDA:0,(anonymous_2)
FNDA:0,(anonymous_3)
FNDA:0,(anonymous_4)
FNDA:0,(anonymous_5)
FNDA:0,(anonymous_6)
FNDA:0,(anonymous_7)
DA:1,5
DA:3,5
DA:4,0
DA:5,0
DA:6,0
DA:7,0
DA:9,0
DA:20,0
DA:22,0
DA:23,0
DA:27,5
DA:28,0
DA:29,0
DA:31,0
DA:32,0
DA:35,0
DA:36,0
DA:37,0
DA:40,0
DA:52,0
DA:53,0
DA:54,0
DA:63,0
DA:64,0
DA:65,0
DA:73,0
DA:76,0
DA:79,0
DA:81,0
DA:82,0
DA:86,5
DA:87,0
DA:88,0
DA:89,0
DA:90,0
DA:91,0
DA:92,0
DA:94,0
DA:98,5
DA:99,0
DA:100,0
DA:101,0
DA:102,0
DA:103,0
DA:107,0
DA:109,0
DA:113,5
DA:114,0
DA:115,0
DA:116,0
DA:117,0
DA:118,0
DA:120,0
DA:127,0
DA:129,0
DA:133,5
DA:134,0
DA:135,0
DA:138,0
DA:140,0
DA:144,5
DA:145,0
DA:146,0
DA:148,0
DA:149,0
DA:152,0
DA:153,0
DA:155,0
DA:158,0
DA:159,0
DA:170,0
DA:182,0
DA:188,0
DA:190,0
DA:191,0
DA:195,5
LF:76
LH:9
BRDA:7,0,0,0
BRDA:7,0,1,0
BRDA:7,1,0,0
BRDA:7,1,1,0
BRDA:31,2,0,0
BRDA:31,2,1,0
BRDA:31,3,0,0
BRDA:31,3,1,0
BRDA:31,3,2,0
BRDA:31,3,3,0
BRDA:31,3,4,0
BRDA:36,4,0,0
BRDA:36,4,1,0
BRDA:43,5,0,0
BRDA:43,5,1,0
BRDA:44,6,0,0
BRDA:44,6,1,0
BRDA:63,7,0,0
BRDA:63,7,1,0
BRDA:89,8,0,0
BRDA:89,8,1,0
BRDA:90,9,0,0
BRDA:90,9,1,0
BRDA:101,10,0,0
BRDA:101,10,1,0
BRDA:102,11,0,0
BRDA:102,11,1,0
BRDA:117,12,0,0
BRDA:117,12,1,0
BRDA:117,13,0,0
BRDA:117,13,1,0
BRDA:118,14,0,0
BRDA:118,14,1,0
BRDA:148,15,0,0
BRDA:148,15,1,0
BRDA:148,16,0,0
BRDA:148,16,1,0
BRDA:148,16,2,0
BRDA:153,17,0,0
BRDA:153,17,1,0
BRDA:158,18,0,0
BRDA:158,18,1,0
BRDA:165,19,0,0
BRDA:165,19,1,0
BRDA:166,20,0,0
BRDA:166,20,1,0
BRDA:175,21,0,0
BRDA:175,21,1,0
BRDA:176,22,0,0
BRDA:176,22,1,0
BRF:50
BRH:0
end_of_record
TN:
SF:src\controllers\chatController.js
FN:5,(anonymous_0)
FN:28,(anonymous_1)
FN:29,(anonymous_2)
FNF:3
FNH:0
FNDA:0,(anonymous_0)
FNDA:0,(anonymous_1)
FNDA:0,(anonymous_2)
DA:1,5
DA:3,5
DA:5,5
DA:6,0
DA:7,0
DA:8,0
DA:9,0
DA:12,0
DA:27,0
DA:28,0
DA:29,0
DA:34,0
DA:35,0
DA:36,0
DA:38,0
DA:40,0
DA:41,0
DA:45,5
LF:18
LH:4
BRDA:7,0,0,0
BRDA:8,1,0,0
BRDA:8,1,1,0
BRDA:28,2,0,0
BRDA:28,2,1,0
BRDA:30,3,0,0
BRDA:30,3,1,0
BRF:7
BRH:0
end_of_record
TN:
SF:src\controllers\connectionController.js
FN:3,(anonymous_0)
FN:63,(anonymous_1)
FN:75,(anonymous_2)
FN:90,(anonymous_3)
FN:121,(anonymous_4)
FN:138,(anonymous_5)
FN:159,(anonymous_6)
FNF:7
FNH:6
FNDA:2,(anonymous_0)
FNDA:1,(anonymous_1)
FNDA:0,(anonymous_2)
FNDA:1,(anonymous_3)
FNDA:1,(anonymous_4)
FNDA:2,(anonymous_5)
FNDA:1,(anonymous_6)
DA:1,5
DA:3,5
DA:4,2
DA:5,2
DA:6,2
DA:7,2
DA:8,1
DA:11,1
DA:15,1
DA:16,0
DA:19,1
DA:29,1
DA:37,1
DA:38,0
DA:41,1
DA:45,1
DA:46,1
DA:54,0
DA:56,1
DA:58,0
DA:59,0
DA:63,5
DA:64,1
DA:65,1
DA:66,1
DA:69,1
DA:71,0
DA:75,5
DA:76,0
DA:77,0
DA:84,0
DA:86,0
DA:90,5
DA:91,1
DA:92,1
DA:93,1
DA:102,1
DA:103,1
DA:104,1
DA:112,0
DA:115,1
DA:117,0
DA:121,5
DA:122,1
DA:123,1
DA:124,1
DA:132,1
DA:134,0
DA:138,5
DA:139,2
DA:140,2
DA:141,2
DA:149,2
DA:150,1
DA:151,1
DA:152,1
DA:153,0
DA:155,0
DA:159,5
DA:160,1
DA:161,1
DA:173,1
DA:175,0
DA:179,5
LF:64
LH:48
BRDA:6,0,0,0
BRDA:6,0,1,2
BRDA:7,1,0,1
BRDA:7,1,1,1
BRDA:15,2,0,0
BRDA:15,2,1,1
BRDA:15,3,0,1
BRDA:15,3,1,1
BRDA:37,4,0,0
BRDA:37,4,1,1
BRDA:102,5,0,1
BRDA:102,5,1,0
BRDA:149,6,0,1
BRDA:149,6,1,1
BRDA:150,7,0,0
BRDA:150,7,1,1
BRDA:151,8,0,0
BRDA:151,8,1,1
BRDA:152,9,0,1
BRDA:152,9,1,0
BRF:20
BRH:13
end_of_record
TN:
SF:src\controllers\marketController.js
FN:14,(anonymous_0)
FN:26,(anonymous_1)
FN:37,(anonymous_2)
FN:51,(anonymous_3)
FN:73,(anonymous_4)
FN:73,(anonymous_5)
FN:76,(anonymous_6)
FN:81,(anonymous_7)
FN:96,(anonymous_8)
FN:110,(anonymous_9)
FN:150,(anonymous_10)
FNF:11
FNH:0
FNDA:0,(anonymous_0)
FNDA:0,(anonymous_1)
FNDA:0,(anonymous_2)
FNDA:0,(anonymous_3)
FNDA:0,(anonymous_4)
FNDA:0,(anonymous_5)
FNDA:0,(anonymous_6)
FNDA:0,(anonymous_7)
FNDA:0,(anonymous_8)
FNDA:0,(anonymous_9)
FNDA:0,(anonymous_10)
DA:1,5
DA:2,5
DA:3,5
DA:5,5
DA:11,5
DA:12,5
DA:14,5
DA:15,0
DA:16,0
DA:17,0
DA:21,0
DA:22,0
DA:23,0
DA:26,5
DA:27,0
DA:28,0
DA:29,0
DA:30,0
DA:32,0
DA:33,0
DA:37,5
DA:38,0
DA:39,0
DA:43,0
DA:44,0
DA:46,0
DA:47,0
DA:51,5
DA:52,0
DA:53,0
DA:54,0
DA:56,0
DA:57,0
DA:59,0
DA:70,0
DA:71,0
DA:72,0
DA:73,0
DA:74,0
DA:76,0
DA:80,0
DA:81,0
DA:84,0
DA:88,0
DA:89,0
DA:91,0
DA:92,0
DA:96,5
DA:97,0
DA:98,0
DA:99,0
DA:100,0
DA:101,0
DA:102,0
DA:103,0
DA:104,0
DA:106,0
DA:110,5
DA:111,0
DA:112,0
DA:113,0
DA:114,0
DA:115,0
DA:116,0
DA:118,0
DA:120,0
DA:122,0
DA:123,0
DA:130,0
DA:132,0
DA:133,0
DA:141,0
DA:143,0
DA:145,0
DA:146,0
DA:150,5
DA:151,0
DA:152,0
DA:153,0
DA:154,0
DA:155,0
DA:159,0
DA:161,0
DA:165,5
LF:84
LH:14
BRDA:54,0,0,0
BRDA:54,0,1,0
BRDA:54,1,0,0
BRDA:54,1,1,0
BRDA:57,2,0,0
BRDA:57,2,1,0
BRDA:62,3,0,0
BRDA:62,3,1,0
BRDA:64,4,0,0
BRDA:64,4,1,0
BRDA:65,5,0,0
BRDA:65,5,1,0
BRDA:70,6,0,0
BRDA:70,6,1,0
BRDA:70,7,0,0
BRDA:70,7,1,0
BRDA:76,8,0,0
BRDA:76,8,1,0
BRDA:99,9,0,0
BRDA:99,9,1,0
BRDA:100,10,0,0
BRDA:100,10,1,0
BRDA:114,11,0,0
BRDA:114,11,1,0
BRDA:115,12,0,0
BRDA:115,12,1,0
BRDA:116,13,0,0
BRDA:116,13,1,0
BRDA:153,14,0,0
BRDA:153,14,1,0
BRDA:154,15,0,0
BRDA:154,15,1,0
BRF:32
BRH:0
end_of_record
TN:
SF:src\controllers\messageController.js
FN:17,(anonymous_0)
FN:28,(anonymous_1)
FN:31,(anonymous_2)
FN:59,(anonymous_3)
FN:84,(anonymous_4)
FN:112,(anonymous_5)
FN:126,(anonymous_6)
FN:146,(anonymous_7)
FNF:8
FNH:0
FNDA:0,(anonymous_0)
FNDA:0,(anonymous_1)
FNDA:0,(anonymous_2)
FNDA:0,(anonymous_3)
FNDA:0,(anonymous_4)
FNDA:0,(anonymous_5)
FNDA:0,(anonymous_6)
FNDA:0,(anonymous_7)
DA:1,5
DA:2,5
DA:3,5
DA:5,5
DA:11,5
DA:12,5
DA:17,5
DA:18,0
DA:19,0
DA:20,0
DA:21,0
DA:23,0
DA:24,0
DA:25,0
DA:26,0
DA:27,0
DA:28,0
DA:29,0
DA:31,0
DA:34,0
DA:35,0
DA:38,0
DA:40,0
DA:52,0
DA:54,0
DA:59,5
DA:60,0
DA:61,0
DA:62,0
DA:64,0
DA:65,0
DA:67,0
DA:78,0
DA:80,0
DA:84,5
DA:85,0
DA:86,0
DA:87,0
DA:101,0
DA:106,0
DA:108,0
DA:112,5
DA:113,0
DA:114,0
DA:125,0
DA:126,0
DA:127,0
DA:128,0
DA:129,0
DA:130,0
DA:136,0
DA:140,0
DA:142,0
DA:146,5
DA:147,0
DA:148,0
DA:149,0
DA:151,0
DA:155,5
LF:59
LH:12
BRDA:23,0,0,0
BRDA:23,0,1,0
BRDA:26,1,0,0
BRDA:26,1,1,0
BRDA:26,2,0,0
BRDA:26,2,1,0
BRDA:27,3,0,0
BRDA:27,3,1,0
BRDA:27,4,0,0
BRDA:27,4,1,0
BRDA:31,5,0,0
BRDA:31,5,1,0
BRDA:35,6,0,0
BRDA:35,6,1,0
BRDA:35,7,0,0
BRDA:35,7,1,0
BRDA:38,8,0,0
BRDA:38,8,1,0
BRDA:38,9,0,0
BRDA:38,9,1,0
BRDA:42,10,0,0
BRDA:42,10,1,0
BRDA:62,11,0,0
BRDA:62,11,1,0
BRDA:65,12,0,0
BRDA:65,12,1,0
BRDA:127,13,0,0
BRDA:127,13,1,0
BRDA:128,14,0,0
BRDA:128,14,1,0
BRDA:129,15,0,0
BRDA:129,15,1,0
BRDA:133,16,0,0
BRDA:133,16,1,0
BRDA:133,17,0,0
BRDA:133,17,1,0
BRDA:136,18,0,0
BRDA:136,18,1,0
BRDA:136,19,0,0
BRDA:136,19,1,0
BRF:40
BRH:0
end_of_record
TN:
SF:src\controllers\notificationController.js
FN:3,(anonymous_0)
FN:18,(anonymous_1)
FN:30,(anonymous_2)
FN:42,(anonymous_3)
FNF:4
FNH:4
FNDA:1,(anonymous_0)
FNDA:1,(anonymous_1)
FNDA:1,(anonymous_2)
FNDA:3,(anonymous_3)
DA:1,5
DA:3,5
DA:4,1
DA:5,1
DA:12,1
DA:14,0
DA:18,5
DA:19,1
DA:20,1
DA:24,1
DA:26,0
DA:30,5
DA:31,1
DA:32,1
DA:36,1
DA:38,0
DA:42,5
DA:43,3
DA:44,3
DA:47,3
DA:49,0
DA:53,5
LF:22
LH:18
BRF:0
BRH:0
end_of_record
TN:
SF:src\controllers\resourceController.js
FN:26,(anonymous_0)
FN:32,(anonymous_1)
FN:42,(anonymous_2)
FN:74,(anonymous_3)
FN:111,(anonymous_4)
FN:132,(anonymous_5)
FN:157,(anonymous_6)
FN:163,(anonymous_7)
FN:166,(anonymous_8)
FN:190,(anonymous_9)
FN:214,(anonymous_10)
FNF:11
FNH:0
FNDA:0,(anonymous_0)
FNDA:0,(anonymous_1)
FNDA:0,(anonymous_2)
FNDA:0,(anonymous_3)
FNDA:0,(anonymous_4)
FNDA:0,(anonymous_5)
FNDA:0,(anonymous_6)
FNDA:0,(anonymous_7)
FNDA:0,(anonymous_8)
FNDA:0,(anonymous_9)
FNDA:0,(anonymous_10)
DA:1,5
DA:2,5
DA:3,5
DA:4,5
DA:6,5
DA:12,5
DA:13,5
DA:14,5
DA:15,0
DA:16,0
DA:19,0
DA:22,5
DA:23,5
DA:27,0
DA:28,0
DA:32,5
DA:33,0
DA:34,0
DA:35,0
DA:37,0
DA:38,0
DA:42,5
DA:43,0
DA:44,0
DA:45,0
DA:46,0
DA:49,0
DA:50,0
DA:52,0
DA:56,0
DA:59,0
DA:63,0
DA:67,0
DA:69,0
DA:70,0
DA:74,5
DA:75,0
DA:76,0
DA:77,0
DA:78,0
DA:81,0
DA:82,0
DA:85,0
DA:86,0
DA:89,0
DA:93,0
DA:94,0
DA:99,0
DA:104,0
DA:106,0
DA:107,0
DA:111,5
DA:112,0
DA:113,0
DA:114,0
DA:115,0
DA:117,0
DA:125,0
DA:127,0
DA:128,0
DA:132,5
DA:133,0
DA:134,0
DA:135,0
DA:137,0
DA:151,0
DA:153,0
DA:157,5
DA:158,0
DA:159,0
DA:160,0
DA:161,0
DA:163,0
DA:164,0
DA:166,0
DA:170,0
DA:184,0
DA:186,0
DA:187,0
DA:190,5
DA:191,0
DA:192,0
DA:196,0
DA:198,0
DA:199,0
DA:204,0
DA:205,0
DA:206,0
DA:207,0
DA:209,0
DA:210,0
DA:214,5
DA:215,0
DA:216,0
DA:217,0
DA:218,0
DA:219,0
DA:220,0
DA:222,0
DA:226,5
LF:100
LH:19
BRDA:14,0,0,0
BRDA:14,0,1,5
BRDA:14,1,0,5
BRDA:14,1,1,5
BRDA:27,2,0,0
BRDA:27,2,1,0
BRDA:46,3,0,0
BRDA:46,3,1,0
BRDA:49,4,0,0
BRDA:49,4,1,0
BRDA:77,5,0,0
BRDA:77,5,1,0
BRDA:77,6,0,0
BRDA:77,6,1,0
BRDA:82,7,0,0
BRDA:82,7,1,0
BRDA:87,8,0,0
BRDA:87,8,1,0
BRDA:89,9,0,0
BRDA:89,9,1,0
BRDA:95,10,0,0
BRDA:95,10,1,0
BRDA:95,11,0,0
BRDA:95,11,1,0
BRDA:100,12,0,0
BRDA:100,12,1,0
BRDA:115,13,0,0
BRDA:115,13,1,0
BRDA:135,14,0,0
BRDA:135,14,1,0
BRDA:160,15,0,0
BRDA:160,15,1,0
BRDA:160,16,0,0
BRDA:160,16,1,0
BRDA:161,17,0,0
BRDA:161,17,1,0
BRDA:166,18,0,0
BRDA:166,18,1,0
BRDA:196,19,0,0
BRDA:196,19,1,0
BRDA:198,20,0,0
BRDA:198,20,1,0
BRDA:217,21,0,0
BRDA:217,21,1,0
BRDA:218,22,0,0
BRDA:218,22,1,0
BRF:46
BRH:3
end_of_record
TN:
SF:src\controllers\userController.js
FN:15,(anonymous_0)
FN:21,(anonymous_1)
FN:43,(anonymous_2)
FN:61,(anonymous_3)
FN:91,(anonymous_4)
FN:96,(anonymous_5)
FN:99,(anonymous_6)
FN:125,(anonymous_7)
FNF:8
FNH:3
FNDA:0,(anonymous_0)
FNDA:2,(anonymous_1)
FNDA:2,(anonymous_2)
FNDA:2,(anonymous_3)
FNDA:0,(anonymous_4)
FNDA:0,(anonymous_5)
FNDA:0,(anonymous_6)
FNDA:0,(anonymous_7)
DA:1,5
DA:2,5
DA:3,5
DA:5,5
DA:11,5
DA:12,5
DA:16,0
DA:17,0
DA:21,5
DA:22,2
DA:23,2
DA:24,2
DA:25,2
DA:26,2
DA:27,2
DA:29,2
DA:37,2
DA:39,0
DA:43,5
DA:44,2
DA:45,2
DA:54,2
DA:55,1
DA:57,0
DA:61,5
DA:62,2
DA:63,2
DA:64,2
DA:65,2
DA:66,2
DA:67,2
DA:68,2
DA:69,2
DA:70,2
DA:71,2
DA:72,2
DA:73,2
DA:75,2
DA:85,2
DA:87,0
DA:91,5
DA:92,0
DA:93,0
DA:96,0
DA:97,0
DA:99,0
DA:104,0
DA:105,0
DA:106,0
DA:107,0
DA:108,0
DA:109,0
DA:110,0
DA:113,0
DA:119,0
DA:121,0
DA:125,5
DA:126,0
DA:127,0
DA:132,0
DA:134,0
DA:138,5
LF:62
LH:38
BRDA:16,0,0,0
BRDA:16,0,1,0
BRDA:25,1,0,0
BRDA:25,1,1,2
BRDA:26,2,0,0
BRDA:26,2,1,2
BRDA:27,3,0,1
BRDA:27,3,1,1
BRDA:54,4,0,1
BRDA:54,4,1,1
BRDA:65,5,0,1
BRDA:65,5,1,1
BRDA:66,6,0,1
BRDA:66,6,1,1
BRDA:67,7,0,1
BRDA:67,7,1,1
BRDA:68,8,0,0
BRDA:68,8,1,2
BRDA:69,9,0,0
BRDA:69,9,1,2
BRDA:70,10,0,1
BRDA:70,10,1,1
BRDA:71,11,0,0
BRDA:71,11,1,2
BRDA:72,12,0,0
BRDA:72,12,1,2
BRDA:73,13,0,0
BRDA:73,13,1,2
BRDA:93,14,0,0
BRDA:93,14,1,0
BRDA:99,15,0,0
BRDA:99,15,1,0
BRDA:105,16,0,0
BRDA:105,16,1,0
BRDA:105,17,0,0
BRDA:105,17,1,0
BRF:36
BRH:19
end_of_record
TN:
SF:src\middleware\authMiddleware.js
FN:4,(anonymous_0)
FNF:1
FNH:1
FNDA:34,(anonymous_0)
DA:1,5
DA:2,5
DA:4,5
DA:5,34
DA:6,34
DA:7,34
DA:8,5
DA:11,29
DA:12,29
DA:13,0
DA:17,29
DA:18,29
DA:20,0
DA:24,29
DA:29,29
DA:30,0
DA:36,29
DA:37,29
DA:39,0
DA:40,0
DA:44,5
LF:21
LH:16
BRDA:7,0,0,5
BRDA:7,0,1,29
BRDA:7,1,0,34
BRDA:7,1,1,29
BRDA:12,2,0,0
BRDA:12,2,1,29
BRDA:29,3,0,0
BRDA:29,3,1,29
BRF:8
BRH:6
end_of_record
TN:
SF:src\routes\authRoutes.js
FN:12,(anonymous_0)
FNF:1
FNH:0
FNDA:0,(anonymous_0)
DA:1,5
DA:2,5
DA:3,5
DA:5,5
DA:6,5
DA:7,5
DA:8,5
DA:9,5
DA:10,5
DA:11,5
DA:12,5
DA:13,0
DA:18,0
DA:20,0
DA:21,0
DA:27,0
DA:28,0
DA:29,0
DA:30,0
DA:41,0
DA:57,0
DA:58,0
DA:68,0
DA:69,0
DA:73,5
LF:25
LH:12
BRDA:20,0,0,0
BRDA:20,0,1,0
BRDA:20,1,0,0
BRDA:20,1,1,0
BRDA:20,1,2,0
BRDA:20,1,3,0
BRDA:28,2,0,0
BRDA:28,2,1,0
BRDA:35,3,0,0
BRDA:35,3,1,0
BRDA:44,4,0,0
BRDA:44,4,1,0
BRDA:46,5,0,0
BRDA:46,5,1,0
BRDA:47,6,0,0
BRDA:47,6,1,0
BRDA:48,7,0,0
BRDA:48,7,1,0
BRDA:49,8,0,0
BRDA:49,8,1,0
BRDA:50,9,0,0
BRDA:50,9,1,0
BRDA:51,10,0,0
BRDA:51,10,1,0
BRDA:52,11,0,0
BRDA:52,11,1,0
BRDA:53,12,0,0
BRDA:53,12,1,0
BRDA:63,13,0,0
BRDA:63,13,1,0
BRF:30
BRH:0
end_of_record
TN:
SF:src\routes\bloodRoutes.js
FNF:0
FNH:0
DA:1,5
DA:2,5
DA:3,5
DA:12,5
DA:14,5
DA:15,5
DA:16,5
DA:17,5
DA:18,5
DA:19,5
DA:20,5
DA:22,5
LF:12
LH:12
BRF:0
BRH:0
end_of_record
TN:
SF:src\routes\chatRoutes.js
FNF:0
FNH:0
DA:1,5
DA:2,5
DA:3,5
DA:4,5
DA:6,5
DA:8,5
LF:6
LH:6
BRF:0
BRH:0
end_of_record
TN:
SF:src\routes\connectionRoutes.js
FNF:0
FNH:0
DA:1,5
DA:2,5
DA:3,5
DA:4,5
DA:6,5
DA:7,5
DA:8,5
DA:9,5
DA:10,5
DA:11,5
DA:12,5
DA:14,5
LF:12
LH:12
BRF:0
BRH:0
end_of_record
TN:
SF:src\routes\marketRoutes.js
FNF:0
FNH:0
DA:1,5
DA:2,5
DA:3,5
DA:4,5
DA:6,5
DA:7,5
DA:8,5
DA:9,5
DA:10,5
DA:11,5
DA:13,5
LF:11
LH:11
BRF:0
BRH:0
end_of_record
TN:
SF:src\routes\messageRoutes.js
FNF:0
FNH:0
DA:1,5
DA:2,5
DA:3,5
DA:4,5
DA:6,5
DA:7,5
DA:8,5
DA:9,5
DA:10,5
DA:12,5
LF:10
LH:10
BRF:0
BRH:0
end_of_record
TN:
SF:src\routes\newsRoutes.js
FN:8,(anonymous_0)
FN:26,(anonymous_1)
FN:79,(anonymous_2)
FN:132,(anonymous_3)
FN:145,(anonymous_4)
FNF:5
FNH:0
FNDA:0,(anonymous_0)
FNDA:0,(anonymous_1)
FNDA:0,(anonymous_2)
FNDA:0,(anonymous_3)
FNDA:0,(anonymous_4)
DA:1,5
DA:2,5
DA:3,5
DA:4,5
DA:6,5
DA:8,5
DA:9,0
DA:10,0
DA:21,0
DA:23,0
DA:26,0
DA:27,0
DA:29,0
DA:31,0
DA:36,0
DA:39,0
DA:42,0
DA:45,0
DA:47,0
DA:61,0
DA:65,0
DA:69,0
DA:71,0
DA:73,0
DA:74,0
DA:78,0
DA:80,0
DA:83,0
DA:86,0
DA:94,0
DA:98,0
DA:100,0
DA:101,0
DA:103,0
DA:104,0
DA:108,0
DA:116,0
DA:118,0
DA:120,0
DA:125,0
DA:132,5
DA:133,0
DA:134,0
DA:136,0
DA:137,0
DA:145,0
DA:146,0
DA:147,0
DA:149,0
DA:152,0
DA:158,0
DA:160,0
DA:169,5
LF:53
LH:8
BRDA:27,0,0,0
BRDA:27,0,1,0
BRDA:39,1,0,0
BRDA:39,1,1,0
BRDA:42,2,0,0
BRDA:42,2,1,0
BRDA:42,3,0,0
BRDA:42,3,1,0
BRDA:61,4,0,0
BRDA:61,4,1,0
BRDA:65,5,0,0
BRDA:65,5,1,0
BRDA:65,5,2,0
BRDA:69,6,0,0
BRDA:69,6,1,0
BRDA:73,7,0,0
BRDA:73,7,1,0
BRDA:83,8,0,0
BRDA:83,8,1,0
BRDA:100,9,0,0
BRDA:100,9,1,0
BRDA:103,10,0,0
BRDA:103,10,1,0
BRDA:111,11,0,0
BRDA:111,11,1,0
BRDA:136,12,0,0
BRDA:136,12,1,0
BRDA:136,13,0,0
BRDA:136,13,1,0
BRDA:146,14,0,0
BRDA:146,14,1,0
BRDA:147,15,0,0
BRDA:147,15,1,0
BRF:33
BRH:0
end_of_record
TN:
SF:src\routes\notificationRoutes.js
FNF:0
FNH:0
DA:1,5
DA:2,5
DA:3,5
DA:4,5
DA:6,5
DA:7,5
DA:8,5
DA:9,5
DA:11,5
LF:9
LH:9
BRF:0
BRH:0
end_of_record
TN:
SF:src\routes\postRoutes.js
FN:17,(anonymous_0)
FN:17,(anonymous_1)
FN:20,(anonymous_2)
FN:25,(anonymous_3)
FN:35,(anonymous_4)
FN:54,(anonymous_5)
FN:72,(anonymous_6)
FN:75,(anonymous_7)
FN:100,(anonymous_8)
FN:123,(anonymous_9)
FN:148,(anonymous_10)
FN:185,(anonymous_11)
FN:192,(anonymous_12)
FN:202,(anonymous_13)
FN:210,(anonymous_14)
FN:234,(anonymous_15)
FN:300,(anonymous_16)
FNF:17
FNH:6
FNDA:0,(anonymous_0)
FNDA:0,(anonymous_1)
FNDA:0,(anonymous_2)
FNDA:4,(anonymous_3)
FNDA:1,(anonymous_4)
FNDA:0,(anonymous_5)
FNDA:0,(anonymous_6)
FNDA:0,(anonymous_7)
FNDA:1,(anonymous_8)
FNDA:2,(anonymous_9)
FNDA:3,(anonymous_10)
FNDA:0,(anonymous_11)
FNDA:0,(anonymous_12)
FNDA:0,(anonymous_13)
FNDA:0,(anonymous_14)
FNDA:2,(anonymous_15)
FNDA:0,(anonymous_16)
DA:1,5
DA:2,5
DA:3,5
DA:4,5
DA:5,5
DA:6,5
DA:8,5
DA:14,5
DA:15,5
DA:17,5
DA:18,0
DA:20,0
DA:25,5
DA:26,4
DA:27,4
DA:28,4
DA:30,0
DA:35,5
DA:36,1
DA:37,1
DA:46,1
DA:48,0
DA:49,0
DA:54,5
DA:55,0
DA:56,0
DA:57,0
DA:58,0
DA:61,0
DA:69,0
DA:70,0
DA:71,0
DA:72,0
DA:74,0
DA:75,0
DA:78,0
DA:82,0
DA:92,0
DA:94,0
DA:95,0
DA:100,5
DA:101,1
DA:102,1
DA:103,1
DA:104,1
DA:105,1
DA:107,1
DA:116,1
DA:118,0
DA:123,5
DA:124,2
DA:125,2
DA:126,2
DA:127,2
DA:129,1
DA:130,1
DA:131,1
DA:132,1
DA:133,1
DA:139,1
DA:141,1
DA:143,0
DA:148,5
DA:149,3
DA:150,3
DA:151,3
DA:153,3
DA:154,1
DA:156,2
DA:159,2
DA:163,2
DA:164,2
DA:167,2
DA:176,3
DA:177,3
DA:179,0
DA:180,0
DA:185,5
DA:186,0
DA:187,0
DA:191,0
DA:193,0
DA:194,0
DA:198,0
DA:199,0
DA:202,0
DA:204,0
DA:205,0
DA:210,5
DA:211,0
DA:212,0
DA:227,0
DA:229,0
DA:234,5
DA:235,2
DA:236,2
DA:237,2
DA:239,2
DA:241,2
DA:256,2
DA:261,2
DA:262,2
DA:265,2
DA:274,2
DA:275,0
DA:279,0
DA:280,0
DA:283,0
DA:292,2
DA:294,0
DA:295,0
DA:300,5
DA:301,0
DA:302,0
DA:303,0
DA:305,0
DA:309,0
DA:310,0
DA:311,0
DA:312,0
DA:314,0
DA:318,0
DA:321,0
DA:326,0
DA:330,0
DA:331,0
DA:334,0
DA:342,0
DA:344,0
DA:345,0
DA:349,5
LF:131
LH:68
BRDA:20,0,0,0
BRDA:20,0,1,0
BRDA:27,1,0,0
BRDA:27,1,1,4
BRDA:57,2,0,0
BRDA:57,2,1,0
BRDA:57,3,0,0
BRDA:57,3,1,0
BRDA:57,3,2,0
BRDA:63,4,0,0
BRDA:63,4,1,0
BRDA:64,5,0,0
BRDA:64,5,1,0
BRDA:69,6,0,0
BRDA:69,6,1,0
BRDA:69,7,0,0
BRDA:69,7,1,0
BRDA:104,8,0,0
BRDA:104,8,1,1
BRDA:105,9,0,0
BRDA:105,9,1,1
BRDA:126,10,0,0
BRDA:126,10,1,2
BRDA:127,11,0,1
BRDA:127,11,1,1
BRDA:153,12,0,1
BRDA:153,12,1,2
BRDA:163,13,0,2
BRDA:163,13,1,0
BRDA:163,14,0,2
BRDA:163,14,1,2
BRDA:171,15,0,2
BRDA:171,15,1,0
BRDA:237,16,0,0
BRDA:237,16,1,2
BRDA:246,17,0,0
BRDA:246,17,1,2
BRDA:261,18,0,2
BRDA:261,18,1,0
BRDA:261,19,0,2
BRDA:261,19,1,2
BRDA:274,20,0,0
BRDA:274,20,1,2
BRDA:279,21,0,0
BRDA:279,21,1,0
BRDA:279,22,0,0
BRDA:279,22,1,0
BRDA:309,23,0,0
BRDA:309,23,1,0
BRDA:310,24,0,0
BRDA:310,24,1,0
BRDA:330,25,0,0
BRDA:330,25,1,0
BRDA:330,26,0,0
BRDA:330,26,1,0
BRF:55
BRH:18
end_of_record
TN:
SF:src\routes\resourceRoutes.js
FN:21,(anonymous_0)
FNF:1
FNH:0
FNDA:0,(anonymous_0)
DA:1,5
DA:2,5
DA:3,5
DA:4,5
DA:9,5
DA:11,5
DA:12,5
DA:13,5
DA:14,5
DA:15,5
DA:16,5
DA:17,5
DA:18,5
DA:21,5
DA:22,0
DA:23,0
DA:28,0
DA:29,0
DA:35,0
DA:37,0
DA:41,5
LF:21
LH:15
BRF:0
BRH:0
end_of_record
TN:
SF:src\routes\userRoutes.js
FNF:0
FNH:0
DA:1,5
DA:2,5
DA:3,5
DA:4,5
DA:6,5
DA:7,5
DA:8,5
DA:9,5
DA:10,5
DA:12,5
LF:10
LH:10
BRF:0
BRH:0
end_of_record
TN:
SF:tests\setup.js
FN:3,cleanDB
FNF:1
FNH:1
FNDA:56,cleanDB
DA:1,5
DA:4,56
DA:5,56
DA:6,56
DA:7,56
DA:8,56
DA:9,56
DA:10,56
DA:11,56
DA:12,56
DA:13,56
DA:14,56
DA:15,56
DA:16,56
DA:17,56
DA:18,56
DA:19,56
DA:22,5
LF:18
LH:18
BRF:0
BRH:0
end_of_record
